A new study created in memory with name: no-name-77aba383-259e-46fd-bd98-f78b7e421b41
Start optimization.
Trial 0 finished with value: 0.4633333333333334 and parameters: {'C': 0.06343325503334832, 'fit_intercept': True, 'solver': 'newton-cg', 'max_iter': 965}. Best is trial 0 with value: 0.4633333333333334.
Trial 1 finished with value: 0.414047619047619 and parameters: {'C': 0.001356428378194013, 'fit_intercept': False, 'solver': 'newton-cg', 'max_iter': 274}. Best is trial 0 with value: 0.4633333333333334.
Trial 2 finished with value: 0.46535714285714286 and parameters: {'C': 0.01307017852041652, 'fit_intercept': False, 'solver': 'newton-cg', 'max_iter': 730}. Best is trial 2 with value: 0.46535714285714286.
Trial 3 finished with value: 0.38761904761904753 and parameters: {'C': 1.7850548092545308e-06, 'fit_intercept': True, 'solver': 'newton-cg', 'max_iter': 205}. Best is trial 2 with value: 0.46535714285714286.
Trial 4 finished with value: 0.38761904761904753 and parameters: {'C': 2.3387504907248956e-06, 'fit_intercept': True, 'solver': 'newton-cg', 'max_iter': 597}. Best is trial 2 with value: 0.46535714285714286.
Trial 5 finished with value: 0.4628571428571428 and parameters: {'C': 0.010649780127213218, 'fit_intercept': True, 'solver': 'lbfgs', 'max_iter': 327}. Best is trial 2 with value: 0.46535714285714286.
Trial 6 finished with value: 0.38761904761904753 and parameters: {'C': 2.896091240872477e-06, 'fit_intercept': True, 'solver': 'sag', 'max_iter': 443}. Best is trial 2 with value: 0.46535714285714286.
Trial 7 finished with value: 0.47916666666666663 and parameters: {'C': 0.24664940776441482, 'fit_intercept': True, 'solver': 'saga', 'max_iter': 247, 'penalty': 'l1'}. Best is trial 7 with value: 0.47916666666666663.
Trial 8 finished with value: 0.37095238095238087 and parameters: {'C': 3.5315318275002034e-06, 'fit_intercept': True, 'solver': 'lbfgs', 'max_iter': 496}. Best is trial 7 with value: 0.47916666666666663.
Trial 9 finished with value: 0.47511904761904766 and parameters: {'C': 0.9067434848782312, 'fit_intercept': True, 'solver': 'lbfgs', 'max_iter': 423}. Best is trial 7 with value: 0.47916666666666663.
Trial 10 finished with value: 0.5038095238095238 and parameters: {'C': 0.40950559758249766, 'fit_intercept': False, 'solver': 'saga', 'max_iter': 102, 'penalty': 'l1'}. Best is trial 10 with value: 0.5038095238095238.
Trial 11 finished with value: 0.475 and parameters: {'C': 0.5628085363177532, 'fit_intercept': False, 'solver': 'saga', 'max_iter': 112, 'penalty': 'l1'}. Best is trial 10 with value: 0.5038095238095238.
Trial 12 finished with value: 0.4119047619047619 and parameters: {'C': 0.07780788748604452, 'fit_intercept': False, 'solver': 'saga', 'max_iter': 191, 'penalty': 'l1'}. Best is trial 10 with value: 0.5038095238095238.
Trial 13 finished with value: 0.4845238095238096 and parameters: {'C': 0.7203315864539188, 'fit_intercept': False, 'solver': 'saga', 'max_iter': 127, 'penalty': 'l1'}. Best is trial 10 with value: 0.5038095238095238.
Trial 14 finished with value: 0.47297619047619044 and parameters: {'C': 0.15401587323516, 'fit_intercept': False, 'solver': 'liblinear', 'max_iter': 108, 'penalty': 'l2'}. Best is trial 10 with value: 0.5038095238095238.
Trial 15 finished with value: 0.47523809523809524 and parameters: {'C': 0.8572317160906466, 'fit_intercept': False, 'solver': 'saga', 'max_iter': 683, 'penalty': 'l1'}. Best is trial 10 with value: 0.5038095238095238.
Trial 16 finished with value: 0.4005952380952381 and parameters: {'C': 0.014562083040340719, 'fit_intercept': False, 'solver': 'saga', 'max_iter': 343, 'penalty': 'l1'}. Best is trial 10 with value: 0.5038095238095238.
Trial 17 finished with value: 0.4560714285714285 and parameters: {'C': 0.06955072678497756, 'fit_intercept': False, 'solver': 'liblinear', 'max_iter': 882, 'penalty': 'l2'}. Best is trial 10 with value: 0.5038095238095238.
Trial 18 finished with value: 0.46785714285714286 and parameters: {'C': 0.2518948614777081, 'fit_intercept': False, 'solver': 'sag', 'max_iter': 156}. Best is trial 10 with value: 0.5038095238095238.
Trial 19 finished with value: 0.18928571428571433 and parameters: {'C': 0.001245184488521816, 'fit_intercept': False, 'solver': 'saga', 'max_iter': 335, 'penalty': 'l1'}. Best is trial 10 with value: 0.5038095238095238.
Trial 20 finished with value: 0.18928571428571433 and parameters: {'C': 0.00014894897930670489, 'fit_intercept': False, 'solver': 'saga', 'max_iter': 590, 'penalty': 'l1'}. Best is trial 10 with value: 0.5038095238095238.
Trial 21 finished with value: 0.4766666666666667 and parameters: {'C': 0.24634617293908748, 'fit_intercept': True, 'solver': 'saga', 'max_iter': 237, 'penalty': 'l1'}. Best is trial 10 with value: 0.5038095238095238.
Trial 22 finished with value: 0.49416666666666664 and parameters: {'C': 0.2981689357726042, 'fit_intercept': False, 'solver': 'saga', 'max_iter': 262, 'penalty': 'l1'}. Best is trial 10 with value: 0.5038095238095238.
Trial 23 finished with value: 0.47511904761904766 and parameters: {'C': 0.9990180677914547, 'fit_intercept': False, 'solver': 'saga', 'max_iter': 115, 'penalty': 'l1'}. Best is trial 10 with value: 0.5038095238095238.
Trial 24 finished with value: 0.45369047619047614 and parameters: {'C': 0.046598686115240005, 'fit_intercept': False, 'solver': 'saga', 'max_iter': 306, 'penalty': 'l2'}. Best is trial 10 with value: 0.5038095238095238.
Trial 25 finished with value: 0.5038095238095238 and parameters: {'C': 0.3521123449841096, 'fit_intercept': False, 'solver': 'saga', 'max_iter': 176, 'penalty': 'l1'}. Best is trial 10 with value: 0.5038095238095238.
Trial 26 finished with value: 0.46333333333333326 and parameters: {'C': 0.031539212105144404, 'fit_intercept': False, 'solver': 'sag', 'max_iter': 396}. Best is trial 10 with value: 0.5038095238095238.
Trial 27 finished with value: 0.4600000000000001 and parameters: {'C': 0.15159578920136105, 'fit_intercept': False, 'solver': 'liblinear', 'max_iter': 195, 'penalty': 'l1'}. Best is trial 10 with value: 0.5038095238095238.
Trial 28 finished with value: 0.5014285714285714 and parameters: {'C': 0.3319209067523742, 'fit_intercept': False, 'solver': 'saga', 'max_iter': 506, 'penalty': 'l1'}. Best is trial 10 with value: 0.5038095238095238.
Trial 29 finished with value: 0.4704761904761905 and parameters: {'C': 0.07627715604910994, 'fit_intercept': False, 'solver': 'saga', 'max_iter': 983, 'penalty': 'l2'}. Best is trial 10 with value: 0.5038095238095238.
Trial 30 finished with value: 0.5088095238095238 and parameters: {'C': 0.3754824398343749, 'fit_intercept': False, 'solver': 'saga', 'max_iter': 879, 'penalty': 'l1'}. Best is trial 30 with value: 0.5088095238095238.
Trial 31 finished with value: 0.5039285714285714 and parameters: {'C': 0.3965622535136495, 'fit_intercept': False, 'solver': 'saga', 'max_iter': 865, 'penalty': 'l1'}. Best is trial 30 with value: 0.5088095238095238.
Trial 32 finished with value: 0.4384523809523809 and parameters: {'C': 0.1302123323187805, 'fit_intercept': False, 'solver': 'saga', 'max_iter': 894, 'penalty': 'l1'}. Best is trial 30 with value: 0.5088095238095238.
Trial 33 finished with value: 0.5039285714285714 and parameters: {'C': 0.4089682484572127, 'fit_intercept': False, 'solver': 'saga', 'max_iter': 796, 'penalty': 'l1'}. Best is trial 30 with value: 0.5088095238095238.
Trial 34 finished with value: 0.4628571428571428 and parameters: {'C': 0.02442892394434976, 'fit_intercept': False, 'solver': 'newton-cg', 'max_iter': 800}. Best is trial 30 with value: 0.5088095238095238.
Trial 35 finished with value: 0.18928571428571433 and parameters: {'C': 0.007872601683716056, 'fit_intercept': False, 'solver': 'saga', 'max_iter': 890, 'penalty': 'l1'}. Best is trial 30 with value: 0.5088095238095238.
Trial 36 finished with value: 0.4727380952380953 and parameters: {'C': 0.4893136271878308, 'fit_intercept': False, 'solver': 'newton-cg', 'max_iter': 756}. Best is trial 30 with value: 0.5088095238095238.
Trial 37 finished with value: 0.4704761904761905 and parameters: {'C': 0.11454352218890038, 'fit_intercept': False, 'solver': 'lbfgs', 'max_iter': 814}. Best is trial 30 with value: 0.5088095238095238.
Trial 38 finished with value: 0.4585714285714285 and parameters: {'C': 0.044171184535957746, 'fit_intercept': False, 'solver': 'sag', 'max_iter': 680}. Best is trial 30 with value: 0.5088095238095238.
Trial 39 finished with value: 0.18928571428571433 and parameters: {'C': 0.005723968405012515, 'fit_intercept': False, 'solver': 'liblinear', 'max_iter': 946, 'penalty': 'l1'}. Best is trial 30 with value: 0.5088095238095238.
Trial 40 finished with value: 0.4914285714285714 and parameters: {'C': 0.45963036272651553, 'fit_intercept': True, 'solver': 'saga', 'max_iter': 834, 'penalty': 'l1'}. Best is trial 30 with value: 0.5088095238095238.
Trial 41 finished with value: 0.5064285714285715 and parameters: {'C': 0.3825200138687501, 'fit_intercept': False, 'solver': 'saga', 'max_iter': 935, 'penalty': 'l1'}. Best is trial 30 with value: 0.5088095238095238.
Trial 42 finished with value: 0.4553571428571428 and parameters: {'C': 0.1599706806343126, 'fit_intercept': False, 'solver': 'saga', 'max_iter': 932, 'penalty': 'l1'}. Best is trial 30 with value: 0.5088095238095238.
Trial 43 finished with value: 0.4894047619047619 and parameters: {'C': 0.44094188387854716, 'fit_intercept': False, 'solver': 'saga', 'max_iter': 748, 'penalty': 'l1'}. Best is trial 30 with value: 0.5088095238095238.
Trial 44 finished with value: 0.47511904761904766 and parameters: {'C': 0.9531620908556372, 'fit_intercept': False, 'solver': 'lbfgs', 'max_iter': 987}. Best is trial 30 with value: 0.5088095238095238.
Trial 45 finished with value: 0.4658333333333333 and parameters: {'C': 0.09563835581259272, 'fit_intercept': True, 'solver': 'newton-cg', 'max_iter': 678}. Best is trial 30 with value: 0.5088095238095238.
Trial 46 finished with value: 0.4670238095238094 and parameters: {'C': 0.17992968885114652, 'fit_intercept': False, 'solver': 'saga', 'max_iter': 863, 'penalty': 'l1'}. Best is trial 30 with value: 0.5088095238095238.
Trial 47 finished with value: 0.48464285714285715 and parameters: {'C': 0.5460390383713168, 'fit_intercept': False, 'solver': 'saga', 'max_iter': 932, 'penalty': 'l1'}. Best is trial 30 with value: 0.5088095238095238.
Trial 48 finished with value: 0.4864285714285714 and parameters: {'C': 0.25224647796113653, 'fit_intercept': True, 'solver': 'saga', 'max_iter': 782, 'penalty': 'l1'}. Best is trial 30 with value: 0.5088095238095238.
Trial 49 finished with value: 0.4822619047619049 and parameters: {'C': 0.6043298010989113, 'fit_intercept': False, 'solver': 'saga', 'max_iter': 713, 'penalty': 'l1'}. Best is trial 30 with value: 0.5088095238095238.
Trial 50 finished with value: 0.47059523809523796 and parameters: {'C': 0.06484513004870716, 'fit_intercept': False, 'solver': 'lbfgs', 'max_iter': 855}. Best is trial 30 with value: 0.5088095238095238.
Trial 51 finished with value: 0.5064285714285715 and parameters: {'C': 0.38194895731311007, 'fit_intercept': False, 'solver': 'saga', 'max_iter': 158, 'penalty': 'l1'}. Best is trial 30 with value: 0.5088095238095238.
Trial 52 finished with value: 0.4726190476190476 and parameters: {'C': 0.9989994592988058, 'fit_intercept': False, 'solver': 'saga', 'max_iter': 635, 'penalty': 'l1'}. Best is trial 30 with value: 0.5088095238095238.
Trial 53 finished with value: 0.47928571428571426 and parameters: {'C': 0.1954392552266239, 'fit_intercept': False, 'solver': 'saga', 'max_iter': 897, 'penalty': 'l1'}. Best is trial 30 with value: 0.5088095238095238.
Trial 54 finished with value: 0.4990476190476191 and parameters: {'C': 0.32848662110938937, 'fit_intercept': False, 'solver': 'saga', 'max_iter': 147, 'penalty': 'l1'}. Best is trial 30 with value: 0.5088095238095238.
Trial 55 finished with value: 0.4727380952380953 and parameters: {'C': 0.584081121226461, 'fit_intercept': False, 'solver': 'sag', 'max_iter': 959}. Best is trial 30 with value: 0.5088095238095238.
Trial 56 finished with value: 0.4336904761904762 and parameters: {'C': 0.11177266254427189, 'fit_intercept': False, 'solver': 'saga', 'max_iter': 835, 'penalty': 'l1'}. Best is trial 30 with value: 0.5088095238095238.
Trial 57 finished with value: 0.4703571428571429 and parameters: {'C': 0.31414971938184694, 'fit_intercept': False, 'solver': 'saga', 'max_iter': 923, 'penalty': 'l2'}. Best is trial 30 with value: 0.5088095238095238.
Trial 58 finished with value: 0.4671428571428572 and parameters: {'C': 0.2047499220386116, 'fit_intercept': True, 'solver': 'liblinear', 'max_iter': 231, 'penalty': 'l1'}. Best is trial 30 with value: 0.5088095238095238.
Trial 59 finished with value: 0.4798809523809524 and parameters: {'C': 0.5964960103067, 'fit_intercept': False, 'solver': 'saga', 'max_iter': 383, 'penalty': 'l1'}. Best is trial 30 with value: 0.5088095238095238.
Trial 60 finished with value: 0.3972619047619047 and parameters: {'C': 0.052601299966676694, 'fit_intercept': False, 'solver': 'saga', 'max_iter': 290, 'penalty': 'l1'}. Best is trial 30 with value: 0.5088095238095238.
Trial 61 finished with value: 0.5038095238095238 and parameters: {'C': 0.35191299148576305, 'fit_intercept': False, 'solver': 'saga', 'max_iter': 135, 'penalty': 'l1'}. Best is trial 30 with value: 0.5088095238095238.
Trial 62 finished with value: 0.42892857142857144 and parameters: {'C': 0.11090679359036003, 'fit_intercept': False, 'solver': 'saga', 'max_iter': 199, 'penalty': 'l1'}. Best is trial 30 with value: 0.5088095238095238.
Trial 63 finished with value: 0.5064285714285715 and parameters: {'C': 0.36081345566442463, 'fit_intercept': False, 'solver': 'saga', 'max_iter': 168, 'penalty': 'l1'}. Best is trial 30 with value: 0.5088095238095238.
Trial 64 finished with value: 0.48452380952380947 and parameters: {'C': 0.21780859743177144, 'fit_intercept': False, 'solver': 'saga', 'max_iter': 164, 'penalty': 'l1'}. Best is trial 30 with value: 0.5088095238095238.
Trial 65 finished with value: 0.47976190476190483 and parameters: {'C': 0.7496672660244681, 'fit_intercept': False, 'solver': 'saga', 'max_iter': 102, 'penalty': 'l1'}. Best is trial 30 with value: 0.5088095238095238.
Trial 66 finished with value: 0.4703571428571429 and parameters: {'C': 0.42664779368279343, 'fit_intercept': False, 'solver': 'newton-cg', 'max_iter': 531}. Best is trial 30 with value: 0.5088095238095238.
Trial 67 finished with value: 0.46797619047619055 and parameters: {'C': 0.14434261905046158, 'fit_intercept': False, 'solver': 'saga', 'max_iter': 216, 'penalty': 'l2'}. Best is trial 30 with value: 0.5088095238095238.
Trial 68 finished with value: 0.4753571428571429 and parameters: {'C': 0.08603413249488272, 'fit_intercept': False, 'solver': 'sag', 'max_iter': 265}. Best is trial 30 with value: 0.5088095238095238.
Trial 69 finished with value: 0.49642857142857133 and parameters: {'C': 0.2757419875499415, 'fit_intercept': False, 'solver': 'saga', 'max_iter': 996, 'penalty': 'l1'}. Best is trial 30 with value: 0.5088095238095238.
Trial 70 finished with value: 0.5067857142857142 and parameters: {'C': 0.6691277431507198, 'fit_intercept': True, 'solver': 'liblinear', 'max_iter': 862, 'penalty': 'l1'}. Best is trial 30 with value: 0.5088095238095238.
Trial 71 finished with value: 0.5092857142857141 and parameters: {'C': 0.7169697554219512, 'fit_intercept': True, 'solver': 'liblinear', 'max_iter': 465, 'penalty': 'l1'}. Best is trial 71 with value: 0.5092857142857141.
Trial 72 finished with value: 0.5045238095238095 and parameters: {'C': 0.7618784587232476, 'fit_intercept': True, 'solver': 'liblinear', 'max_iter': 866, 'penalty': 'l1'}. Best is trial 71 with value: 0.5092857142857141.
Trial 73 finished with value: 0.5067857142857142 and parameters: {'C': 0.647444302340606, 'fit_intercept': True, 'solver': 'liblinear', 'max_iter': 453, 'penalty': 'l1'}. Best is trial 71 with value: 0.5092857142857141.
Trial 74 finished with value: 0.5091666666666665 and parameters: {'C': 0.6363113142536057, 'fit_intercept': True, 'solver': 'liblinear', 'max_iter': 460, 'penalty': 'l1'}. Best is trial 71 with value: 0.5092857142857141.
Trial 75 finished with value: 0.5092857142857141 and parameters: {'C': 0.7066679421481011, 'fit_intercept': True, 'solver': 'liblinear', 'max_iter': 457, 'penalty': 'l1'}. Best is trial 71 with value: 0.5092857142857141.
Trial 76 finished with value: 0.5091666666666667 and parameters: {'C': 0.6791206134838849, 'fit_intercept': True, 'solver': 'liblinear', 'max_iter': 457, 'penalty': 'l1'}. Best is trial 71 with value: 0.5092857142857141.
Trial 77 finished with value: 0.5045238095238095 and parameters: {'C': 0.8064736993557858, 'fit_intercept': True, 'solver': 'liblinear', 'max_iter': 418, 'penalty': 'l1'}. Best is trial 71 with value: 0.5092857142857141.
Trial 78 finished with value: 0.46785714285714286 and parameters: {'C': 0.9866473302084778, 'fit_intercept': True, 'solver': 'liblinear', 'max_iter': 462, 'penalty': 'l2'}. Best is trial 71 with value: 0.5092857142857141.
Trial 79 finished with value: 0.5067857142857142 and parameters: {'C': 0.6519606337396454, 'fit_intercept': True, 'solver': 'liblinear', 'max_iter': 474, 'penalty': 'l1'}. Best is trial 71 with value: 0.5092857142857141.
Trial 80 finished with value: 0.5091666666666665 and parameters: {'C': 0.6274528049948113, 'fit_intercept': True, 'solver': 'liblinear', 'max_iter': 470, 'penalty': 'l1'}. Best is trial 71 with value: 0.5092857142857141.
Trial 81 finished with value: 0.5045238095238095 and parameters: {'C': 0.806233448227678, 'fit_intercept': True, 'solver': 'liblinear', 'max_iter': 498, 'penalty': 'l1'}. Best is trial 71 with value: 0.5092857142857141.
Trial 82 finished with value: 0.5067857142857142 and parameters: {'C': 0.6329990147578554, 'fit_intercept': True, 'solver': 'liblinear', 'max_iter': 470, 'penalty': 'l1'}. Best is trial 71 with value: 0.5092857142857141.
Trial 83 finished with value: 0.5069047619047619 and parameters: {'C': 0.5612690606698958, 'fit_intercept': True, 'solver': 'liblinear', 'max_iter': 571, 'penalty': 'l1'}. Best is trial 71 with value: 0.5092857142857141.
Trial 84 finished with value: 0.4867857142857142 and parameters: {'C': 0.22716442721742758, 'fit_intercept': True, 'solver': 'liblinear', 'max_iter': 557, 'penalty': 'l1'}. Best is trial 71 with value: 0.5092857142857141.
Trial 85 finished with value: 0.5016666666666667 and parameters: {'C': 0.5370754822167813, 'fit_intercept': True, 'solver': 'liblinear', 'max_iter': 360, 'penalty': 'l1'}. Best is trial 71 with value: 0.5092857142857141.
Trial 86 finished with value: 0.5066666666666666 and parameters: {'C': 0.5289071919771094, 'fit_intercept': True, 'solver': 'liblinear', 'max_iter': 430, 'penalty': 'l1'}. Best is trial 71 with value: 0.5092857142857141.
Trial 87 finished with value: 0.47666666666666657 and parameters: {'C': 0.17820673517647995, 'fit_intercept': True, 'solver': 'liblinear', 'max_iter': 529, 'penalty': 'l1'}. Best is trial 71 with value: 0.5092857142857141.
Trial 88 finished with value: 0.49452380952380953 and parameters: {'C': 0.9944330464823057, 'fit_intercept': True, 'solver': 'liblinear', 'max_iter': 577, 'penalty': 'l1'}. Best is trial 71 with value: 0.5092857142857141.
Trial 89 finished with value: 0.5041666666666665 and parameters: {'C': 0.4979844444190331, 'fit_intercept': True, 'solver': 'liblinear', 'max_iter': 396, 'penalty': 'l1'}. Best is trial 71 with value: 0.5092857142857141.
Trial 90 finished with value: 0.46797619047619055 and parameters: {'C': 0.2852362615569172, 'fit_intercept': True, 'solver': 'liblinear', 'max_iter': 447, 'penalty': 'l2'}. Best is trial 71 with value: 0.5092857142857141.
Trial 91 finished with value: 0.5044047619047618 and parameters: {'C': 0.6841116647425194, 'fit_intercept': True, 'solver': 'liblinear', 'max_iter': 478, 'penalty': 'l1'}. Best is trial 71 with value: 0.5092857142857141.
Trial 92 finished with value: 0.5091666666666665 and parameters: {'C': 0.6324365743684706, 'fit_intercept': True, 'solver': 'liblinear', 'max_iter': 513, 'penalty': 'l1'}. Best is trial 71 with value: 0.5092857142857141.
Trial 93 finished with value: 0.49404761904761896 and parameters: {'C': 0.26387550687243594, 'fit_intercept': True, 'solver': 'liblinear', 'max_iter': 521, 'penalty': 'l1'}. Best is trial 71 with value: 0.5092857142857141.
Trial 94 finished with value: 0.5039285714285715 and parameters: {'C': 0.45189469869684334, 'fit_intercept': True, 'solver': 'liblinear', 'max_iter': 607, 'penalty': 'l1'}. Best is trial 71 with value: 0.5092857142857141.
Trial 95 finished with value: 0.5044047619047618 and parameters: {'C': 0.6873822380334521, 'fit_intercept': True, 'solver': 'liblinear', 'max_iter': 438, 'penalty': 'l1'}. Best is trial 71 with value: 0.5092857142857141.
Trial 96 finished with value: 0.4598809523809524 and parameters: {'C': 0.1512584416899863, 'fit_intercept': True, 'solver': 'liblinear', 'max_iter': 406, 'penalty': 'l1'}. Best is trial 71 with value: 0.5092857142857141.
Trial 97 finished with value: 0.4942857142857141 and parameters: {'C': 0.2934195534201402, 'fit_intercept': True, 'solver': 'liblinear', 'max_iter': 375, 'penalty': 'l1'}. Best is trial 71 with value: 0.5092857142857141.
Trial 98 finished with value: 0.5039285714285715 and parameters: {'C': 0.454722240672721, 'fit_intercept': True, 'solver': 'liblinear', 'max_iter': 553, 'penalty': 'l1'}. Best is trial 71 with value: 0.5092857142857141.
Trial 99 finished with value: 0.4969047619047619 and parameters: {'C': 0.966876504312882, 'fit_intercept': True, 'solver': 'liblinear', 'max_iter': 493, 'penalty': 'l1'}. Best is trial 71 with value: 0.5092857142857141.
Trial 100 finished with value: 0.46964285714285714 and parameters: {'C': 0.2034138313140739, 'fit_intercept': True, 'solver': 'liblinear', 'max_iter': 454, 'penalty': 'l1'}. Best is trial 71 with value: 0.5092857142857141.
Trial 101 finished with value: 0.5067857142857142 and parameters: {'C': 0.6722511830853641, 'fit_intercept': True, 'solver': 'liblinear', 'max_iter': 483, 'penalty': 'l1'}. Best is trial 71 with value: 0.5092857142857141.
Trial 102 finished with value: 0.5044047619047618 and parameters: {'C': 0.6869676944005494, 'fit_intercept': True, 'solver': 'liblinear', 'max_iter': 511, 'penalty': 'l1'}. Best is trial 71 with value: 0.5092857142857141.
Trial 103 finished with value: 0.5014285714285713 and parameters: {'C': 0.3739192155314295, 'fit_intercept': True, 'solver': 'liblinear', 'max_iter': 422, 'penalty': 'l1'}. Best is trial 71 with value: 0.5092857142857141.
Trial 104 finished with value: 0.5066666666666666 and parameters: {'C': 0.5237904603615395, 'fit_intercept': True, 'solver': 'liblinear', 'max_iter': 461, 'penalty': 'l1'}. Best is trial 71 with value: 0.5092857142857141.
Trial 105 finished with value: 0.5070238095238095 and parameters: {'C': 0.7873806113684443, 'fit_intercept': True, 'solver': 'liblinear', 'max_iter': 355, 'penalty': 'l1'}. Best is trial 71 with value: 0.5092857142857141.
Trial 106 finished with value: 0.49678571428571416 and parameters: {'C': 0.3190917509101342, 'fit_intercept': True, 'solver': 'liblinear', 'max_iter': 411, 'penalty': 'l1'}. Best is trial 71 with value: 0.5092857142857141.
Trial 107 finished with value: 0.47511904761904766 and parameters: {'C': 0.9989158966506202, 'fit_intercept': True, 'solver': 'lbfgs', 'max_iter': 302}. Best is trial 71 with value: 0.5092857142857141.
Trial 108 finished with value: 0.5039285714285715 and parameters: {'C': 0.45354286568591934, 'fit_intercept': True, 'solver': 'liblinear', 'max_iter': 347, 'penalty': 'l1'}. Best is trial 71 with value: 0.5092857142857141.
Trial 109 finished with value: 0.5021428571428571 and parameters: {'C': 0.7666837480769304, 'fit_intercept': True, 'solver': 'liblinear', 'max_iter': 574, 'penalty': 'l1'}. Best is trial 71 with value: 0.5092857142857141.
Trial 110 finished with value: 0.472857142857143 and parameters: {'C': 0.24643210980657082, 'fit_intercept': True, 'solver': 'liblinear', 'max_iter': 654, 'penalty': 'l2'}. Best is trial 71 with value: 0.5092857142857141.
Trial 111 finished with value: 0.5092857142857142 and parameters: {'C': 0.5674360545781656, 'fit_intercept': True, 'solver': 'liblinear', 'max_iter': 488, 'penalty': 'l1'}. Best is trial 111 with value: 0.5092857142857142.
Trial 112 finished with value: 0.4992857142857143 and parameters: {'C': 0.5417256801309602, 'fit_intercept': True, 'solver': 'liblinear', 'max_iter': 543, 'penalty': 'l1'}. Best is trial 111 with value: 0.5092857142857142.
Trial 113 finished with value: 0.5014285714285713 and parameters: {'C': 0.36538207481369644, 'fit_intercept': True, 'solver': 'liblinear', 'max_iter': 443, 'penalty': 'l1'}. Best is trial 111 with value: 0.5092857142857142.
Trial 114 finished with value: 0.4727380952380953 and parameters: {'C': 0.7156335041095134, 'fit_intercept': True, 'solver': 'newton-cg', 'max_iter': 501}. Best is trial 111 with value: 0.5092857142857142.
Trial 115 finished with value: 0.5085714285714286 and parameters: {'C': 0.4150984458580719, 'fit_intercept': True, 'solver': 'liblinear', 'max_iter': 610, 'penalty': 'l1'}. Best is trial 111 with value: 0.5092857142857142.
Trial 116 finished with value: 0.47702380952380957 and parameters: {'C': 0.1351176245161649, 'fit_intercept': True, 'solver': 'liblinear', 'max_iter': 610, 'penalty': 'l1'}. Best is trial 111 with value: 0.5092857142857142.
Trial 117 finished with value: 0.46785714285714286 and parameters: {'C': 0.41507227172059497, 'fit_intercept': True, 'solver': 'sag', 'max_iter': 517}. Best is trial 111 with value: 0.5092857142857142.
Trial 118 finished with value: 0.48202380952380947 and parameters: {'C': 0.21510210964551346, 'fit_intercept': True, 'solver': 'liblinear', 'max_iter': 329, 'penalty': 'l1'}. Best is trial 111 with value: 0.5092857142857142.
Trial 119 finished with value: 0.4967857142857143 and parameters: {'C': 0.30535350428931496, 'fit_intercept': True, 'solver': 'liblinear', 'max_iter': 576, 'penalty': 'l1'}. Best is trial 111 with value: 0.5092857142857142.
Trial 120 finished with value: 0.47511904761904766 and parameters: {'C': 0.8214542578025994, 'fit_intercept': True, 'solver': 'lbfgs', 'max_iter': 541}. Best is trial 111 with value: 0.5092857142857142.
Trial 121 finished with value: 0.5069047619047619 and parameters: {'C': 0.5709287124413581, 'fit_intercept': True, 'solver': 'liblinear', 'max_iter': 481, 'penalty': 'l1'}. Best is trial 111 with value: 0.5092857142857142.
Trial 122 finished with value: 0.4992857142857143 and parameters: {'C': 0.5397553421800544, 'fit_intercept': True, 'solver': 'liblinear', 'max_iter': 490, 'penalty': 'l1'}. Best is trial 111 with value: 0.5092857142857142.
Trial 123 finished with value: 0.49452380952380953 and parameters: {'C': 0.9961006820578843, 'fit_intercept': True, 'solver': 'liblinear', 'max_iter': 373, 'penalty': 'l1'}. Best is trial 111 with value: 0.5092857142857142.
Trial 124 finished with value: 0.5160714285714285 and parameters: {'C': 0.4313419626880376, 'fit_intercept': True, 'solver': 'liblinear', 'max_iter': 905, 'penalty': 'l1'}. Best is trial 124 with value: 0.5160714285714285.
Trial 125 finished with value: 0.5061904761904762 and parameters: {'C': 0.40916394577222803, 'fit_intercept': True, 'solver': 'liblinear', 'max_iter': 560, 'penalty': 'l1'}. Best is trial 124 with value: 0.5160714285714285.
Trial 126 finished with value: 0.47678571428571426 and parameters: {'C': 0.18802087453713098, 'fit_intercept': True, 'solver': 'liblinear', 'max_iter': 507, 'penalty': 'l1'}. Best is trial 124 with value: 0.5160714285714285.
Trial 127 finished with value: 0.4916666666666666 and parameters: {'C': 0.26998233884583467, 'fit_intercept': True, 'solver': 'liblinear', 'max_iter': 431, 'penalty': 'l1'}. Best is trial 124 with value: 0.5160714285714285.
Trial 128 finished with value: 0.4992857142857143 and parameters: {'C': 0.5394812246241455, 'fit_intercept': True, 'solver': 'liblinear', 'max_iter': 396, 'penalty': 'l1'}. Best is trial 124 with value: 0.5160714285714285.
Trial 129 finished with value: 0.4892857142857143 and parameters: {'C': 0.10563570731362079, 'fit_intercept': True, 'solver': 'liblinear', 'max_iter': 470, 'penalty': 'l1'}. Best is trial 124 with value: 0.5160714285714285.
Trial 130 finished with value: 0.4989285714285714 and parameters: {'C': 0.3511640123414862, 'fit_intercept': True, 'solver': 'liblinear', 'max_iter': 903, 'penalty': 'l1'}. Best is trial 124 with value: 0.5160714285714285.
Trial 131 finished with value: 0.5021428571428571 and parameters: {'C': 0.767850838933725, 'fit_intercept': True, 'solver': 'liblinear', 'max_iter': 523, 'penalty': 'l1'}. Best is trial 124 with value: 0.5160714285714285.
Trial 132 finished with value: 0.5116666666666666 and parameters: {'C': 0.5985237273271609, 'fit_intercept': True, 'solver': 'liblinear', 'max_iter': 957, 'penalty': 'l1'}. Best is trial 124 with value: 0.5160714285714285.
Trial 133 finished with value: 0.5138095238095237 and parameters: {'C': 0.478997048737364, 'fit_intercept': True, 'solver': 'liblinear', 'max_iter': 972, 'penalty': 'l1'}. Best is trial 124 with value: 0.5160714285714285.
Trial 134 finished with value: 0.4654761904761905 and parameters: {'C': 0.4347464394080191, 'fit_intercept': True, 'solver': 'newton-cg', 'max_iter': 976}. Best is trial 124 with value: 0.5160714285714285.
Trial 135 finished with value: 0.4916666666666666 and parameters: {'C': 0.26904413718066256, 'fit_intercept': True, 'solver': 'liblinear', 'max_iter': 957, 'penalty': 'l1'}. Best is trial 124 with value: 0.5160714285714285.
Trial 136 finished with value: 0.5064285714285715 and parameters: {'C': 0.4634771943828097, 'fit_intercept': True, 'solver': 'liblinear', 'max_iter': 922, 'penalty': 'l1'}. Best is trial 124 with value: 0.5160714285714285.
Trial 137 finished with value: 0.46547619047619043 and parameters: {'C': 0.17069734597913663, 'fit_intercept': True, 'solver': 'sag', 'max_iter': 911}. Best is trial 124 with value: 0.5160714285714285.
Trial 138 finished with value: 0.4727380952380952 and parameters: {'C': 0.7776526982047035, 'fit_intercept': True, 'solver': 'liblinear', 'max_iter': 948, 'penalty': 'l2'}. Best is trial 124 with value: 0.5160714285714285.
Trial 139 finished with value: 0.4989285714285714 and parameters: {'C': 0.34042370680891354, 'fit_intercept': True, 'solver': 'liblinear', 'max_iter': 625, 'penalty': 'l1'}. Best is trial 124 with value: 0.5160714285714285.
Trial 140 finished with value: 0.5042857142857142 and parameters: {'C': 0.5516150257631677, 'fit_intercept': True, 'solver': 'liblinear', 'max_iter': 711, 'penalty': 'l1'}. Best is trial 124 with value: 0.5160714285714285.
Trial 141 finished with value: 0.5115476190476189 and parameters: {'C': 0.6241487950973956, 'fit_intercept': True, 'solver': 'liblinear', 'max_iter': 1000, 'penalty': 'l1'}. Best is trial 124 with value: 0.5160714285714285.
Trial 142 finished with value: 0.5094047619047619 and parameters: {'C': 0.8248889197866509, 'fit_intercept': True, 'solver': 'liblinear', 'max_iter': 978, 'penalty': 'l1'}. Best is trial 124 with value: 0.5160714285714285.
Trial 143 finished with value: 0.4969047619047619 and parameters: {'C': 0.9706095093366276, 'fit_intercept': True, 'solver': 'liblinear', 'max_iter': 973, 'penalty': 'l1'}. Best is trial 124 with value: 0.5160714285714285.
Trial 144 finished with value: 0.5094047619047618 and parameters: {'C': 0.741618053022545, 'fit_intercept': True, 'solver': 'liblinear', 'max_iter': 1000, 'penalty': 'l1'}. Best is trial 124 with value: 0.5160714285714285.
Trial 145 finished with value: 0.5061904761904762 and parameters: {'C': 0.3844945657952775, 'fit_intercept': True, 'solver': 'liblinear', 'max_iter': 991, 'penalty': 'l1'}. Best is trial 124 with value: 0.5160714285714285.
Trial 146 finished with value: 0.5091666666666665 and parameters: {'C': 0.6485183046505121, 'fit_intercept': True, 'solver': 'liblinear', 'max_iter': 961, 'penalty': 'l1'}. Best is trial 124 with value: 0.5160714285714285.
Trial 147 finished with value: 0.5067857142857142 and parameters: {'C': 0.6595779282899705, 'fit_intercept': True, 'solver': 'liblinear', 'max_iter': 966, 'penalty': 'l1'}. Best is trial 124 with value: 0.5160714285714285.
Trial 148 finished with value: 0.47511904761904766 and parameters: {'C': 0.8198378582736024, 'fit_intercept': True, 'solver': 'lbfgs', 'max_iter': 995}. Best is trial 124 with value: 0.5160714285714285.
Trial 149 finished with value: 0.514047619047619 and parameters: {'C': 0.5842641343605663, 'fit_intercept': True, 'solver': 'liblinear', 'max_iter': 966, 'penalty': 'l1'}. Best is trial 124 with value: 0.5160714285714285.
Trial 150 finished with value: 0.5091666666666665 and parameters: {'C': 0.6487315058490967, 'fit_intercept': True, 'solver': 'liblinear', 'max_iter': 940, 'penalty': 'l1'}. Best is trial 124 with value: 0.5160714285714285.
Trial 151 finished with value: 0.5115476190476189 and parameters: {'C': 0.6074891489352809, 'fit_intercept': True, 'solver': 'liblinear', 'max_iter': 945, 'penalty': 'l1'}. Best is trial 124 with value: 0.5160714285714285.
Trial 152 finished with value: 0.4921428571428571 and parameters: {'C': 0.9858669921780882, 'fit_intercept': True, 'solver': 'liblinear', 'max_iter': 957, 'penalty': 'l1'}. Best is trial 124 with value: 0.5160714285714285.
Trial 153 finished with value: 0.5042857142857142 and parameters: {'C': 0.5204875337913333, 'fit_intercept': True, 'solver': 'liblinear', 'max_iter': 978, 'penalty': 'l1'}. Best is trial 124 with value: 0.5160714285714285.
Trial 154 finished with value: 0.18928571428571433 and parameters: {'C': 0.0031376303219717776, 'fit_intercept': True, 'solver': 'liblinear', 'max_iter': 923, 'penalty': 'l1'}. Best is trial 124 with value: 0.5160714285714285.
Trial 155 finished with value: 0.5091666666666665 and parameters: {'C': 0.6464297272193567, 'fit_intercept': True, 'solver': 'liblinear', 'max_iter': 939, 'penalty': 'l1'}. Best is trial 124 with value: 0.5160714285714285.
Trial 156 finished with value: 0.41678571428571437 and parameters: {'C': 0.030185703546902257, 'fit_intercept': True, 'solver': 'liblinear', 'max_iter': 998, 'penalty': 'l1'}. Best is trial 124 with value: 0.5160714285714285.
Trial 157 finished with value: 0.4942857142857141 and parameters: {'C': 0.2969223998535375, 'fit_intercept': True, 'solver': 'liblinear', 'max_iter': 968, 'penalty': 'l1'}. Best is trial 124 with value: 0.5160714285714285.
Trial 158 finished with value: 0.5063095238095239 and parameters: {'C': 0.44207068176894754, 'fit_intercept': True, 'solver': 'liblinear', 'max_iter': 954, 'penalty': 'l1'}. Best is trial 124 with value: 0.5160714285714285.
Trial 159 finished with value: 0.4867857142857142 and parameters: {'C': 0.2311536708530926, 'fit_intercept': True, 'solver': 'liblinear', 'max_iter': 994, 'penalty': 'l1'}. Best is trial 124 with value: 0.5160714285714285.
Trial 160 finished with value: 0.5046428571428572 and parameters: {'C': 0.7816626490717385, 'fit_intercept': True, 'solver': 'liblinear', 'max_iter': 886, 'penalty': 'l1'}. Best is trial 124 with value: 0.5160714285714285.
Trial 161 finished with value: 0.5116666666666666 and parameters: {'C': 0.5782452267819321, 'fit_intercept': True, 'solver': 'liblinear', 'max_iter': 945, 'penalty': 'l1'}. Best is trial 124 with value: 0.5160714285714285.
Trial 162 finished with value: 0.5066666666666666 and parameters: {'C': 0.5267280930099392, 'fit_intercept': True, 'solver': 'liblinear', 'max_iter': 937, 'penalty': 'l1'}. Best is trial 124 with value: 0.5160714285714285.
Trial 163 finished with value: 0.49452380952380953 and parameters: {'C': 0.9837525745336109, 'fit_intercept': True, 'solver': 'liblinear', 'max_iter': 980, 'penalty': 'l1'}. Best is trial 124 with value: 0.5160714285714285.
Trial 164 finished with value: 0.5091666666666665 and parameters: {'C': 0.6408332654368688, 'fit_intercept': True, 'solver': 'liblinear', 'max_iter': 964, 'penalty': 'l1'}. Best is trial 124 with value: 0.5160714285714285.
Trial 165 finished with value: 0.49904761904761896 and parameters: {'C': 0.3517322281708537, 'fit_intercept': True, 'solver': 'liblinear', 'max_iter': 921, 'penalty': 'l1'}. Best is trial 124 with value: 0.5160714285714285.
Trial 166 finished with value: 0.4067857142857143 and parameters: {'C': 0.0004410722300180963, 'fit_intercept': True, 'solver': 'liblinear', 'max_iter': 1000, 'penalty': 'l2'}. Best is trial 124 with value: 0.5160714285714285.
Trial 167 finished with value: 0.5089285714285714 and parameters: {'C': 0.48382017027036567, 'fit_intercept': True, 'solver': 'liblinear', 'max_iter': 946, 'penalty': 'l1'}. Best is trial 124 with value: 0.5160714285714285.
Trial 168 finished with value: 0.5021428571428571 and parameters: {'C': 0.7681538356951341, 'fit_intercept': True, 'solver': 'liblinear', 'max_iter': 906, 'penalty': 'l1'}. Best is trial 124 with value: 0.5160714285714285.
Trial 169 finished with value: 0.46785714285714286 and parameters: {'C': 0.014095111776203678, 'fit_intercept': True, 'solver': 'newton-cg', 'max_iter': 974}. Best is trial 124 with value: 0.5160714285714285.
Trial 170 finished with value: 0.5092857142857142 and parameters: {'C': 0.5773592421321637, 'fit_intercept': True, 'solver': 'liblinear', 'max_iter': 459, 'penalty': 'l1'}. Best is trial 124 with value: 0.5160714285714285.
Trial 171 finished with value: 0.5116666666666666 and parameters: {'C': 0.5857382422421763, 'fit_intercept': True, 'solver': 'liblinear', 'max_iter': 448, 'penalty': 'l1'}. Best is trial 124 with value: 0.5160714285714285.
Trial 172 finished with value: 0.5086904761904762 and parameters: {'C': 0.4386121423239514, 'fit_intercept': True, 'solver': 'liblinear', 'max_iter': 447, 'penalty': 'l1'}. Best is trial 124 with value: 0.5160714285714285.
Trial 173 finished with value: 0.4967857142857143 and parameters: {'C': 0.31517329212581363, 'fit_intercept': True, 'solver': 'liblinear', 'max_iter': 470, 'penalty': 'l1'}. Best is trial 124 with value: 0.5160714285714285.
Trial 174 finished with value: 0.5044047619047618 and parameters: {'C': 0.5587226066223374, 'fit_intercept': True, 'solver': 'liblinear', 'max_iter': 459, 'penalty': 'l1'}. Best is trial 124 with value: 0.5160714285714285.
Trial 175 finished with value: 0.5021428571428571 and parameters: {'C': 0.8013648872512373, 'fit_intercept': True, 'solver': 'liblinear', 'max_iter': 421, 'penalty': 'l1'}. Best is trial 124 with value: 0.5160714285714285.
Trial 176 finished with value: 0.46785714285714286 and parameters: {'C': 0.41935023560957413, 'fit_intercept': True, 'solver': 'sag', 'max_iter': 491}. Best is trial 124 with value: 0.5160714285714285.
Trial 177 finished with value: 0.4921428571428571 and parameters: {'C': 0.998798775374626, 'fit_intercept': True, 'solver': 'liblinear', 'max_iter': 428, 'penalty': 'l1'}. Best is trial 124 with value: 0.5160714285714285.
Trial 178 finished with value: 0.5116666666666666 and parameters: {'C': 0.5770567742962939, 'fit_intercept': True, 'solver': 'liblinear', 'max_iter': 448, 'penalty': 'l1'}. Best is trial 124 with value: 0.5160714285714285.
Trial 179 finished with value: 0.4989285714285714 and parameters: {'C': 0.25439673194009343, 'fit_intercept': True, 'solver': 'liblinear', 'max_iter': 461, 'penalty': 'l1'}. Best is trial 124 with value: 0.5160714285714285.
Trial 180 finished with value: 0.4026190476190476 and parameters: {'C': 0.020572471466764913, 'fit_intercept': True, 'solver': 'liblinear', 'max_iter': 452, 'penalty': 'l1'}. Best is trial 124 with value: 0.5160714285714285.
Trial 181 finished with value: 0.514047619047619 and parameters: {'C': 0.5872224980944325, 'fit_intercept': True, 'solver': 'liblinear', 'max_iter': 480, 'penalty': 'l1'}. Best is trial 124 with value: 0.5160714285714285.
Trial 182 finished with value: 0.5066666666666666 and parameters: {'C': 0.5318913077114868, 'fit_intercept': True, 'solver': 'liblinear', 'max_iter': 438, 'penalty': 'l1'}. Best is trial 124 with value: 0.5160714285714285.
Trial 183 finished with value: 0.46678571428571425 and parameters: {'C': 0.07471959189557714, 'fit_intercept': True, 'solver': 'liblinear', 'max_iter': 478, 'penalty': 'l1'}. Best is trial 124 with value: 0.5160714285714285.
Trial 184 finished with value: 0.5014285714285713 and parameters: {'C': 0.3648607389657084, 'fit_intercept': True, 'solver': 'liblinear', 'max_iter': 399, 'penalty': 'l1'}. Best is trial 124 with value: 0.5160714285714285.
Trial 185 finished with value: 0.5070238095238093 and parameters: {'C': 0.7405835622827355, 'fit_intercept': True, 'solver': 'liblinear', 'max_iter': 496, 'penalty': 'l1'}. Best is trial 124 with value: 0.5160714285714285.
Trial 186 finished with value: 0.5092857142857142 and parameters: {'C': 0.5748336229996582, 'fit_intercept': True, 'solver': 'liblinear', 'max_iter': 441, 'penalty': 'l1'}. Best is trial 124 with value: 0.5160714285714285.
Trial 187 finished with value: 0.506547619047619 and parameters: {'C': 0.4859837136469746, 'fit_intercept': True, 'solver': 'liblinear', 'max_iter': 439, 'penalty': 'l1'}. Best is trial 124 with value: 0.5160714285714285.
Trial 188 finished with value: 0.4605952380952381 and parameters: {'C': 0.3156315081935948, 'fit_intercept': True, 'solver': 'lbfgs', 'max_iter': 980}. Best is trial 124 with value: 0.5160714285714285.
Trial 189 finished with value: 0.5115476190476189 and parameters: {'C': 0.6185472258455024, 'fit_intercept': True, 'solver': 'liblinear', 'max_iter': 408, 'penalty': 'l1'}. Best is trial 124 with value: 0.5160714285714285.
Trial 190 finished with value: 0.5045238095238095 and parameters: {'C': 0.80563185379955, 'fit_intercept': True, 'solver': 'liblinear', 'max_iter': 427, 'penalty': 'l1'}. Best is trial 124 with value: 0.5160714285714285.
Trial 191 finished with value: 0.5115476190476189 and parameters: {'C': 0.6044229836471534, 'fit_intercept': True, 'solver': 'liblinear', 'max_iter': 416, 'penalty': 'l1'}. Best is trial 124 with value: 0.5160714285714285.
Trial 192 finished with value: 0.5069047619047619 and parameters: {'C': 0.5685491085447041, 'fit_intercept': True, 'solver': 'liblinear', 'max_iter': 409, 'penalty': 'l1'}. Best is trial 124 with value: 0.5160714285714285.
Trial 193 finished with value: 0.5160714285714285 and parameters: {'C': 0.4298302201441268, 'fit_intercept': True, 'solver': 'liblinear', 'max_iter': 381, 'penalty': 'l1'}. Best is trial 124 with value: 0.5160714285714285.
Trial 194 finished with value: 0.5061904761904762 and parameters: {'C': 0.4055450732669231, 'fit_intercept': True, 'solver': 'liblinear', 'max_iter': 380, 'penalty': 'l1'}. Best is trial 124 with value: 0.5160714285714285.
Trial 195 finished with value: 0.5039285714285715 and parameters: {'C': 0.4484228710718273, 'fit_intercept': True, 'solver': 'liblinear', 'max_iter': 391, 'penalty': 'l1'}. Best is trial 124 with value: 0.5160714285714285.
Trial 196 finished with value: 0.496547619047619 and parameters: {'C': 0.25485199751526033, 'fit_intercept': True, 'solver': 'liblinear', 'max_iter': 365, 'penalty': 'l1'}. Best is trial 124 with value: 0.5160714285714285.
Trial 197 finished with value: 0.49452380952380953 and parameters: {'C': 0.9898945268014108, 'fit_intercept': True, 'solver': 'liblinear', 'max_iter': 412, 'penalty': 'l1'}. Best is trial 124 with value: 0.5160714285714285.
Trial 198 finished with value: 0.44309523809523804 and parameters: {'C': 0.056084978826807075, 'fit_intercept': True, 'solver': 'liblinear', 'max_iter': 952, 'penalty': 'l1'}. Best is trial 124 with value: 0.5160714285714285.
Trial 199 finished with value: 0.47523809523809524 and parameters: {'C': 0.615011743378331, 'fit_intercept': True, 'solver': 'liblinear', 'max_iter': 979, 'penalty': 'l2'}. Best is trial 124 with value: 0.5160714285714285.
Trial 200 finished with value: 0.5014285714285713 and parameters: {'C': 0.36960354359042624, 'fit_intercept': True, 'solver': 'liblinear', 'max_iter': 414, 'penalty': 'l1'}. Best is trial 124 with value: 0.5160714285714285.
Trial 201 finished with value: 0.5094047619047618 and parameters: {'C': 0.7467416019348749, 'fit_intercept': True, 'solver': 'liblinear', 'max_iter': 444, 'penalty': 'l1'}. Best is trial 124 with value: 0.5160714285714285.
Trial 202 finished with value: 0.5092857142857141 and parameters: {'C': 0.7155708206165211, 'fit_intercept': True, 'solver': 'liblinear', 'max_iter': 442, 'penalty': 'l1'}. Best is trial 124 with value: 0.5160714285714285.
Trial 203 finished with value: 0.5041666666666667 and parameters: {'C': 0.5055355279744254, 'fit_intercept': True, 'solver': 'liblinear', 'max_iter': 434, 'penalty': 'l1'}. Best is trial 124 with value: 0.5160714285714285.
Trial 204 finished with value: 0.514047619047619 and parameters: {'C': 0.5853188476790734, 'fit_intercept': True, 'solver': 'liblinear', 'max_iter': 936, 'penalty': 'l1'}. Best is trial 124 with value: 0.5160714285714285.
Trial 205 finished with value: 0.5066666666666666 and parameters: {'C': 0.5235804679904008, 'fit_intercept': True, 'solver': 'liblinear', 'max_iter': 919, 'penalty': 'l1'}. Best is trial 124 with value: 0.5160714285714285.
Trial 206 finished with value: 0.41654761904761894 and parameters: {'C': 0.045530598933407086, 'fit_intercept': True, 'solver': 'liblinear', 'max_iter': 938, 'penalty': 'l1'}. Best is trial 124 with value: 0.5160714285714285.
Trial 207 finished with value: 0.4997619047619047 and parameters: {'C': 0.7667733462627178, 'fit_intercept': True, 'solver': 'liblinear', 'max_iter': 965, 'penalty': 'l1'}. Best is trial 124 with value: 0.5160714285714285.
Trial 208 finished with value: 0.3873809523809523 and parameters: {'C': 2.7155916151524927e-05, 'fit_intercept': True, 'solver': 'newton-cg', 'max_iter': 997}. Best is trial 124 with value: 0.5160714285714285.
Trial 209 finished with value: 0.4965476190476189 and parameters: {'C': 0.34216681301481994, 'fit_intercept': True, 'solver': 'liblinear', 'max_iter': 388, 'penalty': 'l1'}. Best is trial 124 with value: 0.5160714285714285.
Trial 210 finished with value: 0.5044047619047618 and parameters: {'C': 0.558247986465268, 'fit_intercept': True, 'solver': 'liblinear', 'max_iter': 946, 'penalty': 'l1'}. Best is trial 124 with value: 0.5160714285714285.
Trial 211 finished with value: 0.5022619047619047 and parameters: {'C': 0.7822616448396238, 'fit_intercept': True, 'solver': 'liblinear', 'max_iter': 475, 'penalty': 'l1'}. Best is trial 124 with value: 0.5160714285714285.
Trial 212 finished with value: 0.5091666666666665 and parameters: {'C': 0.6433067596034852, 'fit_intercept': True, 'solver': 'liblinear', 'max_iter': 456, 'penalty': 'l1'}. Best is trial 124 with value: 0.5160714285714285.
Trial 213 finished with value: 0.5085714285714286 and parameters: {'C': 0.4115251464275789, 'fit_intercept': True, 'solver': 'liblinear', 'max_iter': 422, 'penalty': 'l1'}. Best is trial 124 with value: 0.5160714285714285.
Trial 214 finished with value: 0.3715476190476191 and parameters: {'C': 0.010710263071519935, 'fit_intercept': True, 'solver': 'liblinear', 'max_iter': 977, 'penalty': 'l1'}. Best is trial 124 with value: 0.5160714285714285.
Trial 215 finished with value: 0.47511904761904766 and parameters: {'C': 0.7928256136599358, 'fit_intercept': True, 'solver': 'sag', 'max_iter': 1000}. Best is trial 124 with value: 0.5160714285714285.
Trial 216 finished with value: 0.5039285714285715 and parameters: {'C': 0.4556859114801549, 'fit_intercept': True, 'solver': 'liblinear', 'max_iter': 927, 'penalty': 'l1'}. Best is trial 124 with value: 0.5160714285714285.
Trial 217 finished with value: 0.49452380952380953 and parameters: {'C': 0.9725832010612661, 'fit_intercept': True, 'solver': 'liblinear', 'max_iter': 957, 'penalty': 'l1'}. Best is trial 124 with value: 0.5160714285714285.
Trial 218 finished with value: 0.514047619047619 and parameters: {'C': 0.5949831402028292, 'fit_intercept': True, 'solver': 'liblinear', 'max_iter': 450, 'penalty': 'l1'}. Best is trial 124 with value: 0.5160714285714285.
Trial 219 finished with value: 0.5092857142857142 and parameters: {'C': 0.5808147536967705, 'fit_intercept': True, 'solver': 'liblinear', 'max_iter': 404, 'penalty': 'l1'}. Best is trial 124 with value: 0.5160714285714285.
Trial 220 finished with value: 0.49678571428571416 and parameters: {'C': 0.32382595949126164, 'fit_intercept': True, 'solver': 'liblinear', 'max_iter': 393, 'penalty': 'l1'}. Best is trial 124 with value: 0.5160714285714285.
Trial 221 finished with value: 0.18928571428571433 and parameters: {'C': 0.006986610454512286, 'fit_intercept': True, 'solver': 'liblinear', 'max_iter': 404, 'penalty': 'l1'}. Best is trial 124 with value: 0.5160714285714285.
Trial 222 finished with value: 0.5116666666666666 and parameters: {'C': 0.5824932915658223, 'fit_intercept': True, 'solver': 'liblinear', 'max_iter': 428, 'penalty': 'l1'}. Best is trial 124 with value: 0.5160714285714285.
Trial 223 finished with value: 0.5042857142857142 and parameters: {'C': 0.5514962735879424, 'fit_intercept': True, 'solver': 'liblinear', 'max_iter': 422, 'penalty': 'l1'}. Best is trial 124 with value: 0.5160714285714285.
Trial 224 finished with value: 0.5064285714285715 and parameters: {'C': 0.46767915271253985, 'fit_intercept': True, 'solver': 'liblinear', 'max_iter': 439, 'penalty': 'l1'}. Best is trial 124 with value: 0.5160714285714285.
Trial 225 finished with value: 0.426547619047619 and parameters: {'C': 0.03783448111401758, 'fit_intercept': True, 'solver': 'liblinear', 'max_iter': 378, 'penalty': 'l1'}. Best is trial 124 with value: 0.5160714285714285.
Trial 226 finished with value: 0.5069047619047619 and parameters: {'C': 0.5615234861032391, 'fit_intercept': True, 'solver': 'liblinear', 'max_iter': 448, 'penalty': 'l1'}. Best is trial 124 with value: 0.5160714285714285.
Trial 227 finished with value: 0.5067857142857142 and parameters: {'C': 0.6528920090413746, 'fit_intercept': True, 'solver': 'liblinear', 'max_iter': 406, 'penalty': 'l1'}. Best is trial 124 with value: 0.5160714285714285.
Trial 228 finished with value: 0.5038095238095237 and parameters: {'C': 0.37726906091358253, 'fit_intercept': True, 'solver': 'liblinear', 'max_iter': 356, 'penalty': 'l1'}. Best is trial 124 with value: 0.5160714285714285.
Trial 229 finished with value: 0.4654761904761905 and parameters: {'C': 0.2123361970190069, 'fit_intercept': True, 'solver': 'lbfgs', 'max_iter': 981}. Best is trial 124 with value: 0.5160714285714285.
Trial 230 finished with value: 0.49452380952380953 and parameters: {'C': 0.9980785856615106, 'fit_intercept': True, 'solver': 'liblinear', 'max_iter': 423, 'penalty': 'l1'}. Best is trial 124 with value: 0.5160714285714285.
Trial 231 finished with value: 0.5091666666666665 and parameters: {'C': 0.6505139226758124, 'fit_intercept': True, 'solver': 'liblinear', 'max_iter': 483, 'penalty': 'l1'}. Best is trial 124 with value: 0.5160714285714285.
Trial 232 finished with value: 0.5041666666666667 and parameters: {'C': 0.5061881094603555, 'fit_intercept': True, 'solver': 'liblinear', 'max_iter': 463, 'penalty': 'l1'}. Best is trial 124 with value: 0.5160714285714285.
Trial 233 finished with value: 0.4997619047619047 and parameters: {'C': 0.7626469490030376, 'fit_intercept': True, 'solver': 'liblinear', 'max_iter': 445, 'penalty': 'l1'}. Best is trial 124 with value: 0.5160714285714285.
Trial 234 finished with value: 0.18928571428571433 and parameters: {'C': 0.00396533925224337, 'fit_intercept': True, 'solver': 'liblinear', 'max_iter': 963, 'penalty': 'l1'}. Best is trial 124 with value: 0.5160714285714285.
Trial 235 finished with value: 0.5039285714285715 and parameters: {'C': 0.44603161634664584, 'fit_intercept': True, 'solver': 'liblinear', 'max_iter': 934, 'penalty': 'l1'}. Best is trial 124 with value: 0.5160714285714285.
Trial 236 finished with value: 0.5067857142857142 and parameters: {'C': 0.6595486573065765, 'fit_intercept': True, 'solver': 'liblinear', 'max_iter': 475, 'penalty': 'l1'}. Best is trial 124 with value: 0.5160714285714285.
Trial 237 finished with value: 0.4966666666666666 and parameters: {'C': 0.31443064685083266, 'fit_intercept': True, 'solver': 'liblinear', 'max_iter': 432, 'penalty': 'l1'}. Best is trial 124 with value: 0.5160714285714285.
Trial 238 finished with value: 0.47511904761904766 and parameters: {'C': 0.7975916034441816, 'fit_intercept': True, 'solver': 'liblinear', 'max_iter': 900, 'penalty': 'l2'}. Best is trial 124 with value: 0.5160714285714285.
Trial 239 finished with value: 0.5069047619047619 and parameters: {'C': 0.5657779059479455, 'fit_intercept': True, 'solver': 'liblinear', 'max_iter': 413, 'penalty': 'l1'}. Best is trial 124 with value: 0.5160714285714285.
Trial 240 finished with value: 0.41452380952380957 and parameters: {'C': 0.02242511174105711, 'fit_intercept': True, 'solver': 'liblinear', 'max_iter': 452, 'penalty': 'l1'}. Best is trial 124 with value: 0.5160714285714285.
Trial 241 finished with value: 0.5067857142857142 and parameters: {'C': 0.6302598338686969, 'fit_intercept': True, 'solver': 'liblinear', 'max_iter': 465, 'penalty': 'l1'}. Best is trial 124 with value: 0.5160714285714285.
Trial 242 finished with value: 0.5136904761904761 and parameters: {'C': 0.4275207598890487, 'fit_intercept': True, 'solver': 'liblinear', 'max_iter': 450, 'penalty': 'l1'}. Best is trial 124 with value: 0.5160714285714285.
Trial 243 finished with value: 0.5064285714285715 and parameters: {'C': 0.46274155475264295, 'fit_intercept': True, 'solver': 'liblinear', 'max_iter': 497, 'penalty': 'l1'}. Best is trial 124 with value: 0.5160714285714285.
Trial 244 finished with value: 0.5061904761904762 and parameters: {'C': 0.39213184033896453, 'fit_intercept': True, 'solver': 'liblinear', 'max_iter': 442, 'penalty': 'l1'}. Best is trial 124 with value: 0.5160714285714285.
Trial 245 finished with value: 0.5046428571428571 and parameters: {'C': 0.7831397347180556, 'fit_intercept': True, 'solver': 'liblinear', 'max_iter': 984, 'penalty': 'l1'}. Best is trial 124 with value: 0.5160714285714285.
Trial 246 finished with value: 0.5066666666666666 and parameters: {'C': 0.5284916221115135, 'fit_intercept': True, 'solver': 'liblinear', 'max_iter': 954, 'penalty': 'l1'}. Best is trial 124 with value: 0.5160714285714285.
Trial 247 finished with value: 0.4548809523809524 and parameters: {'C': 0.062003400308066045, 'fit_intercept': True, 'solver': 'liblinear', 'max_iter': 396, 'penalty': 'l1'}. Best is trial 124 with value: 0.5160714285714285.
Trial 248 finished with value: 0.47059523809523807 and parameters: {'C': 0.0935794024871424, 'fit_intercept': True, 'solver': 'newton-cg', 'max_iter': 431}. Best is trial 124 with value: 0.5160714285714285.
Trial 249 finished with value: 0.4598809523809524 and parameters: {'C': 0.1476532740047383, 'fit_intercept': True, 'solver': 'liblinear', 'max_iter': 463, 'penalty': 'l1'}. Best is trial 124 with value: 0.5160714285714285.
Trial 250 finished with value: 0.4942857142857141 and parameters: {'C': 0.2975306286675473, 'fit_intercept': True, 'solver': 'liblinear', 'max_iter': 967, 'penalty': 'l1'}. Best is trial 124 with value: 0.5160714285714285.
Trial 251 finished with value: 0.18928571428571433 and parameters: {'C': 0.0011491953867556444, 'fit_intercept': True, 'solver': 'liblinear', 'max_iter': 481, 'penalty': 'l1'}. Best is trial 124 with value: 0.5160714285714285.
Trial 252 finished with value: 0.18928571428571433 and parameters: {'C': 0.0017744261766439171, 'fit_intercept': True, 'solver': 'liblinear', 'max_iter': 410, 'penalty': 'l1'}. Best is trial 124 with value: 0.5160714285714285.
Trial 253 finished with value: 0.46785714285714286 and parameters: {'C': 0.4326596774074256, 'fit_intercept': True, 'solver': 'sag', 'max_iter': 445}. Best is trial 124 with value: 0.5160714285714285.
Trial 254 finished with value: 0.49452380952380953 and parameters: {'C': 0.9953001153771365, 'fit_intercept': True, 'solver': 'liblinear', 'max_iter': 382, 'penalty': 'l1'}. Best is trial 124 with value: 0.5160714285714285.
Trial 255 finished with value: 0.5091666666666665 and parameters: {'C': 0.645235068631482, 'fit_intercept': True, 'solver': 'liblinear', 'max_iter': 942, 'penalty': 'l1'}. Best is trial 124 with value: 0.5160714285714285.
Trial 256 finished with value: 0.5038095238095238 and parameters: {'C': 0.3801949587335651, 'fit_intercept': True, 'solver': 'liblinear', 'max_iter': 772, 'penalty': 'l1'}. Best is trial 124 with value: 0.5160714285714285.
Trial 257 finished with value: 0.5116666666666666 and parameters: {'C': 0.5768546165192671, 'fit_intercept': True, 'solver': 'liblinear', 'max_iter': 429, 'penalty': 'l1'}. Best is trial 124 with value: 0.5160714285714285.
Trial 258 finished with value: 0.4916666666666666 and parameters: {'C': 0.26791938445957664, 'fit_intercept': True, 'solver': 'liblinear', 'max_iter': 427, 'penalty': 'l1'}. Best is trial 124 with value: 0.5160714285714285.
Trial 259 finished with value: 0.5041666666666667 and parameters: {'C': 0.5019940528638687, 'fit_intercept': True, 'solver': 'liblinear', 'max_iter': 991, 'penalty': 'l1'}. Best is trial 124 with value: 0.5160714285714285.
Trial 260 finished with value: 0.504642857142857 and parameters: {'C': 0.7591579798359561, 'fit_intercept': True, 'solver': 'liblinear', 'max_iter': 412, 'penalty': 'l1'}. Best is trial 124 with value: 0.5160714285714285.
Trial 261 finished with value: 0.5116666666666666 and parameters: {'C': 0.5815034900300586, 'fit_intercept': True, 'solver': 'liblinear', 'max_iter': 915, 'penalty': 'l1'}. Best is trial 124 with value: 0.5160714285714285.
Trial 262 finished with value: 0.3715476190476191 and parameters: {'C': 0.010863365406437063, 'fit_intercept': True, 'solver': 'liblinear', 'max_iter': 911, 'penalty': 'l1'}. Best is trial 124 with value: 0.5160714285714285.
Trial 263 finished with value: 0.46785714285714286 and parameters: {'C': 0.014204453238441911, 'fit_intercept': True, 'solver': 'lbfgs', 'max_iter': 925}. Best is trial 124 with value: 0.5160714285714285.
Trial 264 finished with value: 0.49904761904761896 and parameters: {'C': 0.3643360776755694, 'fit_intercept': True, 'solver': 'liblinear', 'max_iter': 888, 'penalty': 'l1'}. Best is trial 124 with value: 0.5160714285714285.
Trial 265 finished with value: 0.47523809523809535 and parameters: {'C': 0.4719595964022474, 'fit_intercept': True, 'solver': 'liblinear', 'max_iter': 947, 'penalty': 'l2'}. Best is trial 124 with value: 0.5160714285714285.
Trial 266 finished with value: 0.3739285714285715 and parameters: {'C': 0.01759538366911267, 'fit_intercept': True, 'solver': 'liblinear', 'max_iter': 968, 'penalty': 'l1'}. Best is trial 124 with value: 0.5160714285714285.
Trial 267 finished with value: 0.3739285714285715 and parameters: {'C': 0.008509682302663163, 'fit_intercept': True, 'solver': 'liblinear', 'max_iter': 1000, 'penalty': 'l1'}. Best is trial 124 with value: 0.5160714285714285.
Trial 268 finished with value: 0.4867857142857142 and parameters: {'C': 0.2227727785409859, 'fit_intercept': True, 'solver': 'liblinear', 'max_iter': 978, 'penalty': 'l1'}. Best is trial 124 with value: 0.5160714285714285.
Trial 269 finished with value: 0.5115476190476189 and parameters: {'C': 0.6194771209525153, 'fit_intercept': True, 'solver': 'liblinear', 'max_iter': 928, 'penalty': 'l1'}. Best is trial 124 with value: 0.5160714285714285.
Trial 270 finished with value: 0.426547619047619 and parameters: {'C': 0.0380569919510761, 'fit_intercept': True, 'solver': 'liblinear', 'max_iter': 914, 'penalty': 'l1'}. Best is trial 124 with value: 0.5160714285714285.
Trial 271 finished with value: 0.5070238095238095 and parameters: {'C': 0.8223906821514165, 'fit_intercept': True, 'solver': 'liblinear', 'max_iter': 946, 'penalty': 'l1'}. Best is trial 124 with value: 0.5160714285714285.
Trial 272 finished with value: 0.5091666666666665 and parameters: {'C': 0.6458868871761128, 'fit_intercept': True, 'solver': 'liblinear', 'max_iter': 926, 'penalty': 'l1'}. Best is trial 124 with value: 0.5160714285714285.
Trial 273 finished with value: 0.4966666666666666 and parameters: {'C': 0.3350880061530279, 'fit_intercept': True, 'solver': 'liblinear', 'max_iter': 935, 'penalty': 'l1'}. Best is trial 124 with value: 0.5160714285714285.
Trial 274 finished with value: 0.4682142857142857 and parameters: {'C': 0.0772191992773094, 'fit_intercept': True, 'solver': 'newton-cg', 'max_iter': 882}. Best is trial 124 with value: 0.5160714285714285.
Trial 275 finished with value: 0.5064285714285715 and parameters: {'C': 0.46063750231564293, 'fit_intercept': True, 'solver': 'liblinear', 'max_iter': 901, 'penalty': 'l1'}. Best is trial 124 with value: 0.5160714285714285.
Trial 276 finished with value: 0.41690476190476194 and parameters: {'C': 0.032064561165369564, 'fit_intercept': True, 'solver': 'liblinear', 'max_iter': 839, 'penalty': 'l1'}. Best is trial 124 with value: 0.5160714285714285.
Trial 277 finished with value: 0.49452380952380953 and parameters: {'C': 0.9937060868445325, 'fit_intercept': True, 'solver': 'liblinear', 'max_iter': 969, 'penalty': 'l1'}. Best is trial 124 with value: 0.5160714285714285.
Trial 278 finished with value: 0.5091666666666665 and parameters: {'C': 0.6447035418998731, 'fit_intercept': True, 'solver': 'liblinear', 'max_iter': 955, 'penalty': 'l1'}. Best is trial 124 with value: 0.5160714285714285.
Trial 279 finished with value: 0.18928571428571433 and parameters: {'C': 0.00022386013528314644, 'fit_intercept': True, 'solver': 'liblinear', 'max_iter': 933, 'penalty': 'l1'}. Best is trial 124 with value: 0.5160714285714285.
Trial 280 finished with value: 0.46785714285714286 and parameters: {'C': 0.4162471536973946, 'fit_intercept': True, 'solver': 'sag', 'max_iter': 979}. Best is trial 124 with value: 0.5160714285714285.
Trial 281 finished with value: 0.5045238095238095 and parameters: {'C': 0.7982213251182396, 'fit_intercept': True, 'solver': 'liblinear', 'max_iter': 951, 'penalty': 'l1'}. Best is trial 124 with value: 0.5160714285714285.
Trial 282 finished with value: 0.18928571428571433 and parameters: {'C': 0.0007039979540439446, 'fit_intercept': True, 'solver': 'liblinear', 'max_iter': 506, 'penalty': 'l1'}. Best is trial 124 with value: 0.5160714285714285.
Trial 283 finished with value: 0.47666666666666657 and parameters: {'C': 0.17669862753077648, 'fit_intercept': True, 'solver': 'liblinear', 'max_iter': 454, 'penalty': 'l1'}. Best is trial 124 with value: 0.5160714285714285.
Trial 284 finished with value: 0.4992857142857143 and parameters: {'C': 0.539633680335521, 'fit_intercept': True, 'solver': 'liblinear', 'max_iter': 912, 'penalty': 'l1'}. Best is trial 124 with value: 0.5160714285714285.
Trial 285 finished with value: 0.4966666666666666 and parameters: {'C': 0.31400979410859237, 'fit_intercept': True, 'solver': 'liblinear', 'max_iter': 343, 'penalty': 'l1'}. Best is trial 124 with value: 0.5160714285714285.
Trial 286 finished with value: 0.5070238095238094 and parameters: {'C': 0.7482066088282684, 'fit_intercept': True, 'solver': 'liblinear', 'max_iter': 426, 'penalty': 'l1'}. Best is trial 124 with value: 0.5160714285714285.
Trial 287 finished with value: 0.47523809523809535 and parameters: {'C': 0.5266227009381256, 'fit_intercept': True, 'solver': 'liblinear', 'max_iter': 368, 'penalty': 'l2'}. Best is trial 124 with value: 0.5160714285714285.
Trial 288 finished with value: 0.49404761904761896 and parameters: {'C': 0.2636662985860224, 'fit_intercept': True, 'solver': 'liblinear', 'max_iter': 963, 'penalty': 'l1'}. Best is trial 124 with value: 0.5160714285714285.
Trial 289 finished with value: 0.18928571428571433 and parameters: {'C': 1.9494884616391974e-06, 'fit_intercept': True, 'solver': 'liblinear', 'max_iter': 484, 'penalty': 'l1'}. Best is trial 124 with value: 0.5160714285714285.
Trial 290 finished with value: 0.4654761904761905 and parameters: {'C': 0.4139347514523852, 'fit_intercept': True, 'solver': 'lbfgs', 'max_iter': 999}. Best is trial 124 with value: 0.5160714285714285.
Trial 291 finished with value: 0.5091666666666665 and parameters: {'C': 0.6341613451540954, 'fit_intercept': True, 'solver': 'liblinear', 'max_iter': 977, 'penalty': 'l1'}. Best is trial 124 with value: 0.5160714285714285.
Trial 292 finished with value: 0.18928571428571433 and parameters: {'C': 0.005514757462716539, 'fit_intercept': True, 'solver': 'liblinear', 'max_iter': 463, 'penalty': 'l1'}. Best is trial 124 with value: 0.5160714285714285.
Trial 293 finished with value: 0.5094047619047619 and parameters: {'C': 0.825731691155821, 'fit_intercept': True, 'solver': 'liblinear', 'max_iter': 933, 'penalty': 'l1'}. Best is trial 124 with value: 0.5160714285714285.
Trial 294 finished with value: 0.5094047619047619 and parameters: {'C': 0.8808659682623845, 'fit_intercept': True, 'solver': 'liblinear', 'max_iter': 931, 'penalty': 'l1'}. Best is trial 124 with value: 0.5160714285714285.
Trial 295 finished with value: 0.5070238095238094 and parameters: {'C': 0.8290064335792383, 'fit_intercept': True, 'solver': 'liblinear', 'max_iter': 924, 'penalty': 'l1'}. Best is trial 124 with value: 0.5160714285714285.
Trial 296 finished with value: 0.414404761904762 and parameters: {'C': 0.027697327489337852, 'fit_intercept': True, 'solver': 'liblinear', 'max_iter': 902, 'penalty': 'l1'}. Best is trial 124 with value: 0.5160714285714285.
Trial 297 finished with value: 0.4921428571428571 and parameters: {'C': 0.9793735187758009, 'fit_intercept': True, 'solver': 'liblinear', 'max_iter': 939, 'penalty': 'l1'}. Best is trial 124 with value: 0.5160714285714285.
Trial 298 finished with value: 0.5045238095238095 and parameters: {'C': 0.8020511691612375, 'fit_intercept': True, 'solver': 'liblinear', 'max_iter': 920, 'penalty': 'l1'}. Best is trial 124 with value: 0.5160714285714285.
Trial 299 finished with value: 0.5067857142857142 and parameters: {'C': 0.6333551042761367, 'fit_intercept': True, 'solver': 'liblinear', 'max_iter': 951, 'penalty': 'l1'}. Best is trial 124 with value: 0.5160714285714285.
Trial 300 finished with value: 0.4654761904761905 and parameters: {'C': 0.42161841073038414, 'fit_intercept': True, 'solver': 'newton-cg', 'max_iter': 884}. Best is trial 124 with value: 0.5160714285714285.
Trial 301 finished with value: 0.49452380952380953 and parameters: {'C': 0.996865079950967, 'fit_intercept': True, 'solver': 'liblinear', 'max_iter': 944, 'penalty': 'l1'}. Best is trial 124 with value: 0.5160714285714285.
Trial 302 finished with value: 0.4795238095238096 and parameters: {'C': 0.13419761656422605, 'fit_intercept': True, 'solver': 'liblinear', 'max_iter': 963, 'penalty': 'l1'}. Best is trial 124 with value: 0.5160714285714285.
Trial 303 finished with value: 0.18928571428571433 and parameters: {'C': 4.7987612284670434e-05, 'fit_intercept': True, 'solver': 'liblinear', 'max_iter': 931, 'penalty': 'l1'}. Best is trial 124 with value: 0.5160714285714285.
Trial 304 finished with value: 0.49416666666666664 and parameters: {'C': 0.10965997426923246, 'fit_intercept': True, 'solver': 'liblinear', 'max_iter': 875, 'penalty': 'l1'}. Best is trial 124 with value: 0.5160714285714285.
Trial 305 finished with value: 0.47511904761904766 and parameters: {'C': 0.7665338715236967, 'fit_intercept': True, 'solver': 'sag', 'max_iter': 905}. Best is trial 124 with value: 0.5160714285714285.
Trial 306 finished with value: 0.5066666666666666 and parameters: {'C': 0.5249792642483895, 'fit_intercept': True, 'solver': 'liblinear', 'max_iter': 315, 'penalty': 'l1'}. Best is trial 124 with value: 0.5160714285714285.
Trial 307 finished with value: 0.5014285714285714 and parameters: {'C': 0.34625895124821593, 'fit_intercept': True, 'solver': 'liblinear', 'max_iter': 983, 'penalty': 'l1'}. Best is trial 124 with value: 0.5160714285714285.
Trial 308 finished with value: 0.5067857142857142 and parameters: {'C': 0.6648954559540268, 'fit_intercept': True, 'solver': 'liblinear', 'max_iter': 963, 'penalty': 'l1'}. Best is trial 124 with value: 0.5160714285714285.
Trial 309 finished with value: 0.5114285714285713 and parameters: {'C': 0.4832607745477518, 'fit_intercept': True, 'solver': 'liblinear', 'max_iter': 932, 'penalty': 'l1'}. Best is trial 124 with value: 0.5160714285714285.
Trial 310 finished with value: 0.3739285714285715 and parameters: {'C': 0.018013876137104867, 'fit_intercept': True, 'solver': 'liblinear', 'max_iter': 919, 'penalty': 'l1'}. Best is trial 124 with value: 0.5160714285714285.
Trial 311 finished with value: 0.472857142857143 and parameters: {'C': 0.24719638962251747, 'fit_intercept': True, 'solver': 'liblinear', 'max_iter': 930, 'penalty': 'l2'}. Best is trial 124 with value: 0.5160714285714285.
Trial 312 finished with value: 0.18928571428571433 and parameters: {'C': 0.002412591456407872, 'fit_intercept': True, 'solver': 'liblinear', 'max_iter': 947, 'penalty': 'l1'}. Best is trial 124 with value: 0.5160714285714285.
Trial 313 finished with value: 0.5086904761904762 and parameters: {'C': 0.4412768893660936, 'fit_intercept': True, 'solver': 'liblinear', 'max_iter': 896, 'penalty': 'l1'}. Best is trial 124 with value: 0.5160714285714285.
Trial 314 finished with value: 0.5014285714285713 and parameters: {'C': 0.35322496210771637, 'fit_intercept': True, 'solver': 'liblinear', 'max_iter': 979, 'penalty': 'l1'}. Best is trial 124 with value: 0.5160714285714285.
Trial 315 finished with value: 0.46785714285714286 and parameters: {'C': 0.4838119135179181, 'fit_intercept': True, 'solver': 'lbfgs', 'max_iter': 944}. Best is trial 124 with value: 0.5160714285714285.
Trial 316 finished with value: 0.5115476190476189 and parameters: {'C': 0.603113127227485, 'fit_intercept': True, 'solver': 'liblinear', 'max_iter': 914, 'penalty': 'l1'}. Best is trial 124 with value: 0.5160714285714285.
Trial 317 finished with value: 0.4671428571428572 and parameters: {'C': 0.20556847779799542, 'fit_intercept': True, 'solver': 'liblinear', 'max_iter': 904, 'penalty': 'l1'}. Best is trial 124 with value: 0.5160714285714285.
Trial 318 finished with value: 0.5014285714285714 and parameters: {'C': 0.340566765953023, 'fit_intercept': True, 'solver': 'liblinear', 'max_iter': 854, 'penalty': 'l1'}. Best is trial 124 with value: 0.5160714285714285.
Trial 319 finished with value: 0.5016666666666667 and parameters: {'C': 0.5367871925726775, 'fit_intercept': True, 'solver': 'liblinear', 'max_iter': 910, 'penalty': 'l1'}. Best is trial 124 with value: 0.5160714285714285.
Trial 320 finished with value: 0.18928571428571433 and parameters: {'C': 0.003987874343708914, 'fit_intercept': True, 'solver': 'liblinear', 'max_iter': 926, 'penalty': 'l1'}. Best is trial 124 with value: 0.5160714285714285.
Trial 321 finished with value: 0.5044047619047618 and parameters: {'C': 0.6330167584550968, 'fit_intercept': True, 'solver': 'liblinear', 'max_iter': 888, 'penalty': 'l1'}. Best is trial 124 with value: 0.5160714285714285.
Trial 322 finished with value: 0.18928571428571433 and parameters: {'C': 3.987752924270245e-06, 'fit_intercept': True, 'solver': 'liblinear', 'max_iter': 391, 'penalty': 'l1'}. Best is trial 124 with value: 0.5160714285714285.
Trial 323 finished with value: 0.49904761904761896 and parameters: {'C': 0.27834523527213434, 'fit_intercept': True, 'solver': 'liblinear', 'max_iter': 932, 'penalty': 'l1'}. Best is trial 124 with value: 0.5160714285714285.
Trial 324 finished with value: 0.5039285714285715 and parameters: {'C': 0.44914495833612, 'fit_intercept': True, 'solver': 'liblinear', 'max_iter': 955, 'penalty': 'l1'}. Best is trial 124 with value: 0.5160714285714285.
Trial 325 finished with value: 0.514047619047619 and parameters: {'C': 0.5991326517858651, 'fit_intercept': True, 'solver': 'liblinear', 'max_iter': 917, 'penalty': 'l1'}. Best is trial 124 with value: 0.5160714285714285.
Trial 326 finished with value: 0.4654761904761905 and parameters: {'C': 0.36944787311314536, 'fit_intercept': True, 'solver': 'newton-cg', 'max_iter': 908}. Best is trial 124 with value: 0.5160714285714285.
Trial 327 finished with value: 0.5041666666666667 and parameters: {'C': 0.5348455246303809, 'fit_intercept': True, 'solver': 'liblinear', 'max_iter': 891, 'penalty': 'l1'}. Best is trial 124 with value: 0.5160714285714285.
Trial 328 finished with value: 0.18928571428571433 and parameters: {'C': 0.0018339270811257996, 'fit_intercept': True, 'solver': 'liblinear', 'max_iter': 856, 'penalty': 'l1'}. Best is trial 124 with value: 0.5160714285714285.
Trial 329 finished with value: 0.440595238095238 and parameters: {'C': 0.053754420506650344, 'fit_intercept': True, 'solver': 'liblinear', 'max_iter': 415, 'penalty': 'l1'}. Best is trial 124 with value: 0.5160714285714285.
Trial 330 finished with value: 0.46952380952380945 and parameters: {'C': 0.19317824440379974, 'fit_intercept': False, 'solver': 'liblinear', 'max_iter': 959, 'penalty': 'l1'}. Best is trial 124 with value: 0.5160714285714285.
Trial 331 finished with value: 0.484404761904762 and parameters: {'C': 0.09054073180383315, 'fit_intercept': True, 'solver': 'liblinear', 'max_iter': 869, 'penalty': 'l1'}. Best is trial 124 with value: 0.5160714285714285.
Trial 332 finished with value: 0.4703571428571429 and parameters: {'C': 0.3057321614365721, 'fit_intercept': True, 'solver': 'liblinear', 'max_iter': 917, 'penalty': 'l2'}. Best is trial 124 with value: 0.5160714285714285.
Trial 333 finished with value: 0.4726190476190476 and parameters: {'C': 0.6172579512864381, 'fit_intercept': True, 'solver': 'sag', 'max_iter': 383}. Best is trial 124 with value: 0.5160714285714285.
Trial 334 finished with value: 0.41654761904761894 and parameters: {'C': 0.04340063317448986, 'fit_intercept': True, 'solver': 'liblinear', 'max_iter': 939, 'penalty': 'l1'}. Best is trial 124 with value: 0.5160714285714285.
Trial 335 finished with value: 0.5061904761904762 and parameters: {'C': 0.4058846047036396, 'fit_intercept': True, 'solver': 'liblinear', 'max_iter': 426, 'penalty': 'l1'}. Best is trial 124 with value: 0.5160714285714285.
Trial 336 finished with value: 0.5089285714285714 and parameters: {'C': 0.48427014386764705, 'fit_intercept': True, 'solver': 'liblinear', 'max_iter': 965, 'penalty': 'l1'}. Best is trial 124 with value: 0.5160714285714285.
Trial 337 finished with value: 0.5092857142857141 and parameters: {'C': 0.7043411538165713, 'fit_intercept': True, 'solver': 'liblinear', 'max_iter': 398, 'penalty': 'l1'}. Best is trial 124 with value: 0.5160714285714285.
Trial 338 finished with value: 0.4966666666666666 and parameters: {'C': 0.27560605367738666, 'fit_intercept': True, 'solver': 'liblinear', 'max_iter': 938, 'penalty': 'l1'}. Best is trial 124 with value: 0.5160714285714285.
Trial 339 finished with value: 0.49452380952380953 and parameters: {'C': 0.9802516166273574, 'fit_intercept': True, 'solver': 'liblinear', 'max_iter': 918, 'penalty': 'l1'}. Best is trial 124 with value: 0.5160714285714285.
Trial 340 finished with value: 0.5092857142857142 and parameters: {'C': 0.5762680181576141, 'fit_intercept': True, 'solver': 'liblinear', 'max_iter': 949, 'penalty': 'l1'}. Best is trial 124 with value: 0.5160714285714285.
Trial 341 finished with value: 0.4628571428571428 and parameters: {'C': 0.010417942670906885, 'fit_intercept': True, 'solver': 'lbfgs', 'max_iter': 975}. Best is trial 124 with value: 0.5160714285714285.
Trial 342 finished with value: 0.5061904761904762 and parameters: {'C': 0.4084044551024055, 'fit_intercept': True, 'solver': 'liblinear', 'max_iter': 731, 'penalty': 'l1'}. Best is trial 124 with value: 0.5160714285714285.
Trial 343 finished with value: 0.47750000000000015 and parameters: {'C': 0.7450952548597009, 'fit_intercept': True, 'solver': 'saga', 'max_iter': 367, 'penalty': 'l1'}. Best is trial 124 with value: 0.5160714285714285.
Trial 344 finished with value: 0.5066666666666666 and parameters: {'C': 0.5288364109873364, 'fit_intercept': True, 'solver': 'liblinear', 'max_iter': 900, 'penalty': 'l1'}. Best is trial 124 with value: 0.5160714285714285.
Trial 345 finished with value: 0.18928571428571433 and parameters: {'C': 0.0004572579478159768, 'fit_intercept': True, 'solver': 'liblinear', 'max_iter': 437, 'penalty': 'l1'}. Best is trial 124 with value: 0.5160714285714285.
Trial 346 finished with value: 0.47702380952380957 and parameters: {'C': 0.13846888668531013, 'fit_intercept': True, 'solver': 'liblinear', 'max_iter': 414, 'penalty': 'l1'}. Best is trial 124 with value: 0.5160714285714285.
Trial 347 finished with value: 0.5014285714285713 and parameters: {'C': 0.376471237221847, 'fit_intercept': True, 'solver': 'liblinear', 'max_iter': 958, 'penalty': 'l1'}. Best is trial 124 with value: 0.5160714285714285.
Trial 348 finished with value: 0.5067857142857142 and parameters: {'C': 0.6619168053944997, 'fit_intercept': True, 'solver': 'liblinear', 'max_iter': 919, 'penalty': 'l1'}. Best is trial 124 with value: 0.5160714285714285.
Trial 349 finished with value: 0.496547619047619 and parameters: {'C': 0.25489215134650756, 'fit_intercept': True, 'solver': 'liblinear', 'max_iter': 982, 'penalty': 'l1'}. Best is trial 124 with value: 0.5160714285714285.
Trial 350 finished with value: 0.5138095238095237 and parameters: {'C': 0.48286463306095456, 'fit_intercept': False, 'solver': 'liblinear', 'max_iter': 932, 'penalty': 'l1'}. Best is trial 124 with value: 0.5160714285714285.
Trial 351 finished with value: 0.5039285714285715 and parameters: {'C': 0.45202552276637326, 'fit_intercept': False, 'solver': 'liblinear', 'max_iter': 400, 'penalty': 'l1'}. Best is trial 124 with value: 0.5160714285714285.
Trial 352 finished with value: 0.4942857142857142 and parameters: {'C': 0.3285909391367051, 'fit_intercept': False, 'solver': 'liblinear', 'max_iter': 950, 'penalty': 'l1'}. Best is trial 124 with value: 0.5160714285714285.
Trial 353 finished with value: 0.4385714285714286 and parameters: {'C': 0.005837437942816156, 'fit_intercept': False, 'solver': 'newton-cg', 'max_iter': 878}. Best is trial 124 with value: 0.5160714285714285.
Trial 354 finished with value: 0.4560714285714285 and parameters: {'C': 0.06739870424965401, 'fit_intercept': False, 'solver': 'liblinear', 'max_iter': 432, 'penalty': 'l2'}. Best is trial 124 with value: 0.5160714285714285.
Trial 355 finished with value: 0.5041666666666667 and parameters: {'C': 0.5052259291299874, 'fit_intercept': False, 'solver': 'liblinear', 'max_iter': 968, 'penalty': 'l1'}. Best is trial 124 with value: 0.5160714285714285.
Trial 356 finished with value: 0.46964285714285714 and parameters: {'C': 0.20037900451142404, 'fit_intercept': False, 'solver': 'liblinear', 'max_iter': 988, 'penalty': 'l1'}. Best is trial 124 with value: 0.5160714285714285.
Trial 357 finished with value: 0.5091666666666665 and parameters: {'C': 0.6211905504785229, 'fit_intercept': True, 'solver': 'liblinear', 'max_iter': 909, 'penalty': 'l1'}. Best is trial 124 with value: 0.5160714285714285.
Trial 358 finished with value: 0.46797619047619043 and parameters: {'C': 0.3525675891884098, 'fit_intercept': False, 'solver': 'sag', 'max_iter': 662}. Best is trial 124 with value: 0.5160714285714285.
Trial 359 finished with value: 0.506547619047619 and parameters: {'C': 0.48716537355619366, 'fit_intercept': False, 'solver': 'liblinear', 'max_iter': 452, 'penalty': 'l1'}. Best is trial 124 with value: 0.5160714285714285.
Trial 360 finished with value: 0.4966666666666666 and parameters: {'C': 0.2756385451025606, 'fit_intercept': True, 'solver': 'liblinear', 'max_iter': 937, 'penalty': 'l1'}. Best is trial 124 with value: 0.5160714285714285.
Trial 361 finished with value: 0.5070238095238094 and parameters: {'C': 0.7500755441440617, 'fit_intercept': True, 'solver': 'liblinear', 'max_iter': 922, 'penalty': 'l1'}. Best is trial 124 with value: 0.5160714285714285.
Trial 362 finished with value: 0.41452380952380957 and parameters: {'C': 0.021258316650745807, 'fit_intercept': True, 'solver': 'liblinear', 'max_iter': 955, 'penalty': 'l1'}. Best is trial 124 with value: 0.5160714285714285.
Trial 363 finished with value: 0.5160714285714285 and parameters: {'C': 0.42977177011277573, 'fit_intercept': True, 'solver': 'liblinear', 'max_iter': 422, 'penalty': 'l1'}. Best is trial 124 with value: 0.5160714285714285.
Trial 364 finished with value: 0.5038095238095238 and parameters: {'C': 0.38276114548123874, 'fit_intercept': True, 'solver': 'liblinear', 'max_iter': 419, 'penalty': 'l1'}. Best is trial 124 with value: 0.5160714285714285.
Trial 365 finished with value: 0.4867857142857142 and parameters: {'C': 0.22496970602368846, 'fit_intercept': True, 'solver': 'liblinear', 'max_iter': 438, 'penalty': 'l1'}. Best is trial 124 with value: 0.5160714285714285.
Trial 366 finished with value: 0.18928571428571433 and parameters: {'C': 0.001153441068780722, 'fit_intercept': True, 'solver': 'liblinear', 'max_iter': 388, 'penalty': 'l1'}. Best is trial 124 with value: 0.5160714285714285.
Trial 367 finished with value: 0.4605952380952381 and parameters: {'C': 0.30540067983405916, 'fit_intercept': True, 'solver': 'lbfgs', 'max_iter': 407}. Best is trial 124 with value: 0.5160714285714285.
Trial 368 finished with value: 0.5063095238095239 and parameters: {'C': 0.44358246576052196, 'fit_intercept': True, 'solver': 'liblinear', 'max_iter': 421, 'penalty': 'l1'}. Best is trial 124 with value: 0.5160714285714285.
Trial 369 finished with value: 0.5116666666666666 and parameters: {'C': 0.5838607812870253, 'fit_intercept': True, 'solver': 'liblinear', 'max_iter': 373, 'penalty': 'l1'}. Best is trial 124 with value: 0.5160714285714285.
Trial 370 finished with value: 0.47428571428571437 and parameters: {'C': 0.16617607755612662, 'fit_intercept': True, 'solver': 'liblinear', 'max_iter': 373, 'penalty': 'l1'}. Best is trial 124 with value: 0.5160714285714285.
Trial 371 finished with value: 0.18928571428571433 and parameters: {'C': 0.0016900314627718554, 'fit_intercept': True, 'solver': 'liblinear', 'max_iter': 806, 'penalty': 'l1'}. Best is trial 124 with value: 0.5160714285714285.
Trial 372 finished with value: 0.3738095238095237 and parameters: {'C': 0.00317532775950457, 'fit_intercept': True, 'solver': 'saga', 'max_iter': 356, 'penalty': 'l1'}. Best is trial 124 with value: 0.5160714285714285.
Trial 373 finished with value: 0.5139285714285713 and parameters: {'C': 0.6125860550630349, 'fit_intercept': False, 'solver': 'liblinear', 'max_iter': 377, 'penalty': 'l1'}. Best is trial 124 with value: 0.5160714285714285.
Trial 374 finished with value: 0.5116666666666666 and parameters: {'C': 0.59662021178999, 'fit_intercept': False, 'solver': 'liblinear', 'max_iter': 376, 'penalty': 'l1'}. Best is trial 124 with value: 0.5160714285714285.
Trial 375 finished with value: 0.4965476190476191 and parameters: {'C': 0.11111512865048023, 'fit_intercept': False, 'solver': 'liblinear', 'max_iter': 349, 'penalty': 'l1'}. Best is trial 124 with value: 0.5160714285714285.
Trial 376 finished with value: 0.39071428571428574 and parameters: {'C': 0.009762109144231715, 'fit_intercept': False, 'solver': 'liblinear', 'max_iter': 338, 'penalty': 'l1'}. Best is trial 124 with value: 0.5160714285714285.
Trial 377 finished with value: 0.4703571428571429 and parameters: {'C': 0.398051245478349, 'fit_intercept': False, 'solver': 'liblinear', 'max_iter': 371, 'penalty': 'l2'}. Best is trial 124 with value: 0.5160714285714285.
Trial 378 finished with value: 0.39071428571428574 and parameters: {'C': 0.011679986533663008, 'fit_intercept': False, 'solver': 'liblinear', 'max_iter': 384, 'penalty': 'l1'}. Best is trial 124 with value: 0.5160714285714285.
Trial 379 finished with value: 0.5116666666666666 and parameters: {'C': 0.5800081869943355, 'fit_intercept': False, 'solver': 'liblinear', 'max_iter': 372, 'penalty': 'l1'}. Best is trial 124 with value: 0.5160714285714285.
Trial 380 finished with value: 0.47511904761904766 and parameters: {'C': 0.9849699594683674, 'fit_intercept': False, 'solver': 'newton-cg', 'max_iter': 350}. Best is trial 124 with value: 0.5160714285714285.
Trial 381 finished with value: 0.4944047619047618 and parameters: {'C': 0.3193865649382406, 'fit_intercept': False, 'solver': 'liblinear', 'max_iter': 363, 'penalty': 'l1'}. Best is trial 124 with value: 0.5160714285714285.
Trial 382 finished with value: 0.4992857142857143 and parameters: {'C': 0.5392569624129818, 'fit_intercept': False, 'solver': 'liblinear', 'max_iter': 330, 'penalty': 'l1'}. Best is trial 124 with value: 0.5160714285714285.
Trial 383 finished with value: 0.5069047619047617 and parameters: {'C': 0.7239491971639844, 'fit_intercept': False, 'solver': 'liblinear', 'max_iter': 377, 'penalty': 'l1'}. Best is trial 124 with value: 0.5160714285714285.
Trial 384 finished with value: 0.5063095238095239 and parameters: {'C': 0.4460959440377001, 'fit_intercept': False, 'solver': 'liblinear', 'max_iter': 391, 'penalty': 'l1'}. Best is trial 124 with value: 0.5160714285714285.
Trial 385 finished with value: 0.4727380952380953 and parameters: {'C': 0.6006145629543497, 'fit_intercept': False, 'solver': 'sag', 'max_iter': 309}. Best is trial 124 with value: 0.5160714285714285.
Trial 386 finished with value: 0.49154761904761896 and parameters: {'C': 0.2349691122687332, 'fit_intercept': False, 'solver': 'liblinear', 'max_iter': 366, 'penalty': 'l1'}. Best is trial 124 with value: 0.5160714285714285.
Trial 387 finished with value: 0.4170238095238095 and parameters: {'C': 0.022276604164003917, 'fit_intercept': False, 'solver': 'liblinear', 'max_iter': 340, 'penalty': 'l1'}. Best is trial 124 with value: 0.5160714285714285.
Trial 388 finished with value: 0.49904761904761896 and parameters: {'C': 0.3540270744431708, 'fit_intercept': False, 'solver': 'liblinear', 'max_iter': 393, 'penalty': 'l1'}. Best is trial 124 with value: 0.5160714285714285.
Trial 389 finished with value: 0.5094047619047619 and parameters: {'C': 0.8347022279501449, 'fit_intercept': False, 'solver': 'liblinear', 'max_iter': 323, 'penalty': 'l1'}. Best is trial 124 with value: 0.5160714285714285.
Trial 390 finished with value: 0.47678571428571426 and parameters: {'C': 0.08529687793884082, 'fit_intercept': False, 'solver': 'liblinear', 'max_iter': 377, 'penalty': 'l1'}. Best is trial 124 with value: 0.5160714285714285.
Trial 391 finished with value: 0.43345238095238087 and parameters: {'C': 0.04883419288491241, 'fit_intercept': False, 'solver': 'liblinear', 'max_iter': 358, 'penalty': 'l1'}. Best is trial 124 with value: 0.5160714285714285.
Trial 392 finished with value: 0.5041666666666667 and parameters: {'C': 0.5033048474401306, 'fit_intercept': False, 'solver': 'liblinear', 'max_iter': 392, 'penalty': 'l1'}. Best is trial 124 with value: 0.5160714285714285.
Trial 393 finished with value: 0.5067857142857142 and parameters: {'C': 0.6577156864926432, 'fit_intercept': False, 'solver': 'liblinear', 'max_iter': 395, 'penalty': 'l1'}. Best is trial 124 with value: 0.5160714285714285.
Trial 394 finished with value: 0.46535714285714286 and parameters: {'C': 0.01255486942073466, 'fit_intercept': False, 'solver': 'lbfgs', 'max_iter': 412}. Best is trial 124 with value: 0.5160714285714285.
Trial 395 finished with value: 0.5061904761904762 and parameters: {'C': 0.39337434995095183, 'fit_intercept': False, 'solver': 'liblinear', 'max_iter': 278, 'penalty': 'l1'}. Best is trial 124 with value: 0.5160714285714285.
Trial 396 finished with value: 0.49404761904761896 and parameters: {'C': 0.2783252954676665, 'fit_intercept': False, 'solver': 'saga', 'max_iter': 472, 'penalty': 'l1'}. Best is trial 124 with value: 0.5160714285714285.
Trial 397 finished with value: 0.49452380952380953 and parameters: {'C': 0.9927583430826555, 'fit_intercept': False, 'solver': 'liblinear', 'max_iter': 435, 'penalty': 'l1'}. Best is trial 124 with value: 0.5160714285714285.
Trial 398 finished with value: 0.18928571428571433 and parameters: {'C': 0.0001594448851769195, 'fit_intercept': False, 'solver': 'liblinear', 'max_iter': 452, 'penalty': 'l1'}. Best is trial 124 with value: 0.5160714285714285.
Trial 399 finished with value: 0.47285714285714286 and parameters: {'C': 0.5187556622520706, 'fit_intercept': False, 'solver': 'liblinear', 'max_iter': 404, 'penalty': 'l2'}. Best is trial 124 with value: 0.5160714285714285.
