A new study created in memory with name: no-name-1602e841-2559-49ab-841c-0e867f63a335
Start optimization.
Trial 0 finished with value: 0.34190420217455186 and parameters: {'shrink_threshold': 0.2222525877616428}. Best is trial 0 with value: 0.34190420217455186.
Trial 1 finished with value: 0.33708492506611815 and parameters: {'shrink_threshold': 0.24770325654899011}. Best is trial 0 with value: 0.34190420217455186.
Trial 2 finished with value: 0.35647957684396125 and parameters: {'shrink_threshold': 0.05527724217205696}. Best is trial 2 with value: 0.35647957684396125.
Trial 3 finished with value: 0.34434322656479577 and parameters: {'shrink_threshold': 0.14021183569805964}. Best is trial 2 with value: 0.35647957684396125.
Trial 4 finished with value: 0.35891860123420516 and parameters: {'shrink_threshold': 0.06913327679322363}. Best is trial 4 with value: 0.35891860123420516.
Trial 5 finished with value: 0.33708492506611815 and parameters: {'shrink_threshold': 0.23975360334335488}. Best is trial 4 with value: 0.35891860123420516.
Trial 6 finished with value: 0.33949456362033503 and parameters: {'shrink_threshold': 0.22927400375847656}. Best is trial 4 with value: 0.35891860123420516.
Trial 7 finished with value: 0.34675286511901265 and parameters: {'shrink_threshold': 0.18500682135946594}. Best is trial 4 with value: 0.35891860123420516.
Trial 8 finished with value: 0.33708492506611815 and parameters: {'shrink_threshold': 0.24956395658508274}. Best is trial 4 with value: 0.35891860123420516.
Trial 9 finished with value: 0.33708492506611815 and parameters: {'shrink_threshold': 0.2548991811437185}. Best is trial 4 with value: 0.35891860123420516.
Trial 10 finished with value: 0.35647957684396125 and parameters: {'shrink_threshold': 0.02545088803998674}. Best is trial 4 with value: 0.35891860123420516.
Trial 11 finished with value: 0.35647957684396125 and parameters: {'shrink_threshold': 0.05502514068874396}. Best is trial 4 with value: 0.35891860123420516.
Trial 12 finished with value: 0.35647957684396125 and parameters: {'shrink_threshold': 0.08328240232864158}. Best is trial 4 with value: 0.35891860123420516.
Trial 13 finished with value: 0.35891860123420516 and parameters: {'shrink_threshold': 0.0065250202057634266}. Best is trial 4 with value: 0.35891860123420516.
Trial 14 finished with value: 0.35647957684396125 and parameters: {'shrink_threshold': 0.0023015642097677447}. Best is trial 4 with value: 0.35891860123420516.
Trial 15 finished with value: 0.35406993828974437 and parameters: {'shrink_threshold': 0.10543330098910311}. Best is trial 4 with value: 0.35891860123420516.
Trial 16 finished with value: 0.35891860123420516 and parameters: {'shrink_threshold': 0.0036571295870190456}. Best is trial 4 with value: 0.35891860123420516.
Trial 17 finished with value: 0.3516602997355275 and parameters: {'shrink_threshold': 0.10848760760998344}. Best is trial 4 with value: 0.35891860123420516.
Trial 18 finished with value: 0.35404055245371735 and parameters: {'shrink_threshold': 0.044236345914176314}. Best is trial 4 with value: 0.35891860123420516.
Trial 19 finished with value: 0.33226564795768443 and parameters: {'shrink_threshold': 0.29729447999304315}. Best is trial 4 with value: 0.35891860123420516.
Trial 20 finished with value: 0.35647957684396125 and parameters: {'shrink_threshold': 0.07522715975750457}. Best is trial 4 with value: 0.35891860123420516.
Trial 21 finished with value: 0.35891860123420516 and parameters: {'shrink_threshold': 0.0054256636143330955}. Best is trial 4 with value: 0.35891860123420516.
Trial 22 finished with value: 0.35647957684396125 and parameters: {'shrink_threshold': 0.029127489701151504}. Best is trial 4 with value: 0.35891860123420516.
Trial 23 finished with value: 0.35891860123420516 and parameters: {'shrink_threshold': 0.006479245779953929}. Best is trial 4 with value: 0.35891860123420516.
Trial 24 finished with value: 0.35647957684396125 and parameters: {'shrink_threshold': 0.030937707036506393}. Best is trial 4 with value: 0.35891860123420516.
Trial 25 finished with value: 0.35647957684396125 and parameters: {'shrink_threshold': 0.06416802882262682}. Best is trial 4 with value: 0.35891860123420516.
Trial 26 finished with value: 0.35647957684396125 and parameters: {'shrink_threshold': 0.028836625957652653}. Best is trial 4 with value: 0.35891860123420516.
Trial 27 finished with value: 0.35647957684396125 and parameters: {'shrink_threshold': 0.00017221226614436147}. Best is trial 4 with value: 0.35891860123420516.
Trial 28 finished with value: 0.35404055245371735 and parameters: {'shrink_threshold': 0.042887075443452286}. Best is trial 4 with value: 0.35891860123420516.
Trial 29 finished with value: 0.35647957684396125 and parameters: {'shrink_threshold': 0.08683175212921342}. Best is trial 4 with value: 0.35891860123420516.
Trial 30 finished with value: 0.35647957684396125 and parameters: {'shrink_threshold': 0.02282111119990337}. Best is trial 4 with value: 0.35891860123420516.
Trial 31 finished with value: 0.35647957684396125 and parameters: {'shrink_threshold': 0.0015793832176742573}. Best is trial 4 with value: 0.35891860123420516.
Trial 32 finished with value: 0.35647957684396125 and parameters: {'shrink_threshold': 0.017077179610968773}. Best is trial 4 with value: 0.35891860123420516.
Trial 33 finished with value: 0.35647957684396125 and parameters: {'shrink_threshold': 0.039727913735351686}. Best is trial 4 with value: 0.35891860123420516.
Trial 34 finished with value: 0.35404055245371735 and parameters: {'shrink_threshold': 0.053590634149599574}. Best is trial 4 with value: 0.35891860123420516.
Trial 35 finished with value: 0.35891860123420516 and parameters: {'shrink_threshold': 0.013312348667608498}. Best is trial 4 with value: 0.35891860123420516.
Trial 36 finished with value: 0.35891860123420516 and parameters: {'shrink_threshold': 0.06692325326629141}. Best is trial 4 with value: 0.35891860123420516.
Trial 37 finished with value: 0.35404055245371735 and parameters: {'shrink_threshold': 0.04492565839427144}. Best is trial 4 with value: 0.35891860123420516.
Trial 38 finished with value: 0.35647957684396125 and parameters: {'shrink_threshold': 0.01681073477391892}. Best is trial 4 with value: 0.35891860123420516.
Trial 39 finished with value: 0.35647957684396125 and parameters: {'shrink_threshold': 0.017030011321447946}. Best is trial 4 with value: 0.35891860123420516.
Trial 40 finished with value: 0.35647957684396125 and parameters: {'shrink_threshold': 0.03489893406397059}. Best is trial 4 with value: 0.35891860123420516.
Trial 41 finished with value: 0.35647957684396125 and parameters: {'shrink_threshold': 1.478702655816587e-05}. Best is trial 4 with value: 0.35891860123420516.
Trial 42 finished with value: 0.35891860123420516 and parameters: {'shrink_threshold': 0.010866295965775583}. Best is trial 4 with value: 0.35891860123420516.
Trial 43 finished with value: 0.35647957684396125 and parameters: {'shrink_threshold': 0.05573422377517881}. Best is trial 4 with value: 0.35891860123420516.
Trial 44 finished with value: 0.35647957684396125 and parameters: {'shrink_threshold': 0.021528173956663038}. Best is trial 4 with value: 0.35891860123420516.
Trial 45 finished with value: 0.35647957684396125 and parameters: {'shrink_threshold': 0.03550219956542805}. Best is trial 4 with value: 0.35891860123420516.
Trial 46 finished with value: 0.35891860123420516 and parameters: {'shrink_threshold': 0.011379918153501959}. Best is trial 4 with value: 0.35891860123420516.
Trial 47 finished with value: 0.35647957684396125 and parameters: {'shrink_threshold': 0.05411629514453757}. Best is trial 4 with value: 0.35891860123420516.
Trial 48 finished with value: 0.35891860123420516 and parameters: {'shrink_threshold': 0.00897622433517914}. Best is trial 4 with value: 0.35891860123420516.
Trial 49 finished with value: 0.35647957684396125 and parameters: {'shrink_threshold': 0.031184450050093203}. Best is trial 4 with value: 0.35891860123420516.
Trial 50 finished with value: 0.34434322656479577 and parameters: {'shrink_threshold': 0.1424190718573694}. Best is trial 4 with value: 0.35891860123420516.
Trial 51 finished with value: 0.35891860123420516 and parameters: {'shrink_threshold': 0.010496291460828793}. Best is trial 4 with value: 0.35891860123420516.
Trial 52 finished with value: 0.35647957684396125 and parameters: {'shrink_threshold': 0.022181976687415252}. Best is trial 4 with value: 0.35891860123420516.
Trial 53 finished with value: 0.35647957684396125 and parameters: {'shrink_threshold': 0.00014037614579445138}. Best is trial 4 with value: 0.35891860123420516.
Trial 54 finished with value: 0.35647957684396125 and parameters: {'shrink_threshold': 0.02276233344170189}. Best is trial 4 with value: 0.35891860123420516.
Trial 55 finished with value: 0.35404055245371735 and parameters: {'shrink_threshold': 0.045084623762174834}. Best is trial 4 with value: 0.35891860123420516.
Trial 56 finished with value: 0.35891860123420516 and parameters: {'shrink_threshold': 0.013203433657312622}. Best is trial 4 with value: 0.35891860123420516.
Trial 57 finished with value: 0.35404055245371735 and parameters: {'shrink_threshold': 0.040175515549676535}. Best is trial 4 with value: 0.35891860123420516.
Trial 58 finished with value: 0.35647957684396125 and parameters: {'shrink_threshold': 0.028222854202982338}. Best is trial 4 with value: 0.35891860123420516.
Trial 59 finished with value: 0.35891860123420516 and parameters: {'shrink_threshold': 0.00701746082600625}. Best is trial 4 with value: 0.35891860123420516.
Trial 60 finished with value: 0.35647957684396125 and parameters: {'shrink_threshold': 0.02877183626421582}. Best is trial 4 with value: 0.35891860123420516.
Trial 61 finished with value: 0.35647957684396125 and parameters: {'shrink_threshold': 0.0722469590424364}. Best is trial 4 with value: 0.35891860123420516.
Trial 62 finished with value: 0.3467822509550397 and parameters: {'shrink_threshold': 0.11838952693273536}. Best is trial 4 with value: 0.35891860123420516.
Trial 63 finished with value: 0.35891860123420516 and parameters: {'shrink_threshold': 0.06587430932164723}. Best is trial 4 with value: 0.35891860123420516.
Trial 64 finished with value: 0.35647957684396125 and parameters: {'shrink_threshold': 0.08596370420266866}. Best is trial 4 with value: 0.35891860123420516.
Trial 65 finished with value: 0.35891860123420516 and parameters: {'shrink_threshold': 0.014592256085040783}. Best is trial 4 with value: 0.35891860123420516.
Trial 66 finished with value: 0.35404055245371735 and parameters: {'shrink_threshold': 0.051529558507541866}. Best is trial 4 with value: 0.35891860123420516.
Trial 67 finished with value: 0.35647957684396125 and parameters: {'shrink_threshold': 0.03596340258035751}. Best is trial 4 with value: 0.35891860123420516.
Trial 68 finished with value: 0.35891860123420516 and parameters: {'shrink_threshold': 0.006697787579944025}. Best is trial 4 with value: 0.35891860123420516.
Trial 69 finished with value: 0.35647957684396125 and parameters: {'shrink_threshold': 0.02202294165082336}. Best is trial 4 with value: 0.35891860123420516.
Trial 70 finished with value: 0.35647957684396125 and parameters: {'shrink_threshold': 0.06171676164039725}. Best is trial 4 with value: 0.35891860123420516.
Trial 71 finished with value: 0.35647957684396125 and parameters: {'shrink_threshold': 0.000154798535270749}. Best is trial 4 with value: 0.35891860123420516.
Trial 72 finished with value: 0.35891860123420516 and parameters: {'shrink_threshold': 0.010516749502663632}. Best is trial 4 with value: 0.35891860123420516.
Trial 73 finished with value: 0.35647957684396125 and parameters: {'shrink_threshold': 0.018347340245415247}. Best is trial 4 with value: 0.35891860123420516.
Trial 74 finished with value: 0.35404055245371735 and parameters: {'shrink_threshold': 0.04286508701692037}. Best is trial 4 with value: 0.35891860123420516.
Trial 75 finished with value: 0.35647957684396125 and parameters: {'shrink_threshold': 0.02984277520492816}. Best is trial 4 with value: 0.35891860123420516.
Trial 76 finished with value: 0.35891860123420516 and parameters: {'shrink_threshold': 0.007673843422848858}. Best is trial 4 with value: 0.35891860123420516.
Trial 77 finished with value: 0.35647957684396125 and parameters: {'shrink_threshold': 0.017432426433216387}. Best is trial 4 with value: 0.35891860123420516.
Trial 78 finished with value: 0.35404055245371735 and parameters: {'shrink_threshold': 0.04909691313441539}. Best is trial 4 with value: 0.35891860123420516.
Trial 79 finished with value: 0.35647957684396125 and parameters: {'shrink_threshold': 0.037456874020859086}. Best is trial 4 with value: 0.35891860123420516.
Trial 80 finished with value: 0.35647957684396125 and parameters: {'shrink_threshold': 0.026133635054959515}. Best is trial 4 with value: 0.35891860123420516.
Trial 81 finished with value: 0.35891860123420516 and parameters: {'shrink_threshold': 0.008909060484903709}. Best is trial 4 with value: 0.35891860123420516.
Trial 82 finished with value: 0.35891860123420516 and parameters: {'shrink_threshold': 0.011568673720398319}. Best is trial 4 with value: 0.35891860123420516.
Trial 83 finished with value: 0.35647957684396125 and parameters: {'shrink_threshold': 0.016172231263740493}. Best is trial 4 with value: 0.35891860123420516.
Trial 84 finished with value: 0.35647957684396125 and parameters: {'shrink_threshold': 0.0026538294802392892}. Best is trial 4 with value: 0.35891860123420516.
Trial 85 finished with value: 0.35647957684396125 and parameters: {'shrink_threshold': 0.023187843739581708}. Best is trial 4 with value: 0.35891860123420516.
Trial 86 finished with value: 0.35647957684396125 and parameters: {'shrink_threshold': 0.033503749429980384}. Best is trial 4 with value: 0.35891860123420516.
Trial 87 finished with value: 0.35891860123420516 and parameters: {'shrink_threshold': 0.005878211680492005}. Best is trial 4 with value: 0.35891860123420516.
Trial 88 finished with value: 0.35647957684396125 and parameters: {'shrink_threshold': 0.0161415513050086}. Best is trial 4 with value: 0.35891860123420516.
Trial 89 finished with value: 0.35404055245371735 and parameters: {'shrink_threshold': 0.04707249977478303}. Best is trial 4 with value: 0.35891860123420516.
Trial 90 finished with value: 0.35647957684396125 and parameters: {'shrink_threshold': 0.026260099641097538}. Best is trial 4 with value: 0.35891860123420516.
Trial 91 finished with value: 0.35891860123420516 and parameters: {'shrink_threshold': 0.008391021582979647}. Best is trial 4 with value: 0.35891860123420516.
Trial 92 finished with value: 0.35647957684396125 and parameters: {'shrink_threshold': 0.00039909309441078615}. Best is trial 4 with value: 0.35891860123420516.
Trial 93 finished with value: 0.35891860123420516 and parameters: {'shrink_threshold': 0.013000839825389684}. Best is trial 4 with value: 0.35891860123420516.
Trial 94 finished with value: 0.35647957684396125 and parameters: {'shrink_threshold': 0.034712164962624546}. Best is trial 4 with value: 0.35891860123420516.
Trial 95 finished with value: 0.35647957684396125 and parameters: {'shrink_threshold': 0.022721470611080045}. Best is trial 4 with value: 0.35891860123420516.
Trial 96 finished with value: 0.35891860123420516 and parameters: {'shrink_threshold': 0.00655236756191439}. Best is trial 4 with value: 0.35891860123420516.
Trial 97 finished with value: 0.35647957684396125 and parameters: {'shrink_threshold': 0.03918301387380729}. Best is trial 4 with value: 0.35891860123420516.
Trial 98 finished with value: 0.35891860123420516 and parameters: {'shrink_threshold': 0.014571410308774848}. Best is trial 4 with value: 0.35891860123420516.
Trial 99 finished with value: 0.35647957684396125 and parameters: {'shrink_threshold': 0.026768660559385708}. Best is trial 4 with value: 0.35891860123420516.
Trial 100 finished with value: 0.35647957684396125 and parameters: {'shrink_threshold': 0.019460441076355958}. Best is trial 4 with value: 0.35891860123420516.
Trial 101 finished with value: 0.35891860123420516 and parameters: {'shrink_threshold': 0.009348741887722103}. Best is trial 4 with value: 0.35891860123420516.
Trial 102 finished with value: 0.35891860123420516 and parameters: {'shrink_threshold': 0.004502873122264625}. Best is trial 4 with value: 0.35891860123420516.
Trial 103 finished with value: 0.35891860123420516 and parameters: {'shrink_threshold': 0.011586827412894758}. Best is trial 4 with value: 0.35891860123420516.
Trial 104 finished with value: 0.35647957684396125 and parameters: {'shrink_threshold': 0.00014074949602073568}. Best is trial 4 with value: 0.35891860123420516.
Trial 105 finished with value: 0.35647957684396125 and parameters: {'shrink_threshold': 0.028936990742118474}. Best is trial 4 with value: 0.35891860123420516.
Trial 106 finished with value: 0.35647957684396125 and parameters: {'shrink_threshold': 0.01901406754138805}. Best is trial 4 with value: 0.35891860123420516.
Trial 107 finished with value: 0.35647957684396125 and parameters: {'shrink_threshold': 0.05863476820609756}. Best is trial 4 with value: 0.35891860123420516.
Trial 108 finished with value: 0.35404055245371735 and parameters: {'shrink_threshold': 0.04301150821849311}. Best is trial 4 with value: 0.35891860123420516.
Trial 109 finished with value: 0.35891860123420516 and parameters: {'shrink_threshold': 0.011804798135351452}. Best is trial 4 with value: 0.35891860123420516.
Trial 110 finished with value: 0.35647957684396125 and parameters: {'shrink_threshold': 0.03168146158503869}. Best is trial 4 with value: 0.35891860123420516.
Trial 111 finished with value: 0.35891860123420516 and parameters: {'shrink_threshold': 0.013419394214903}. Best is trial 4 with value: 0.35891860123420516.
Trial 112 finished with value: 0.35891860123420516 and parameters: {'shrink_threshold': 0.006113037368043833}. Best is trial 4 with value: 0.35891860123420516.
Trial 113 finished with value: 0.35647957684396125 and parameters: {'shrink_threshold': 0.023720712159624905}. Best is trial 4 with value: 0.35891860123420516.
Trial 114 finished with value: 0.35647957684396125 and parameters: {'shrink_threshold': 0.019977216425957588}. Best is trial 4 with value: 0.35891860123420516.
Trial 115 finished with value: 0.35891860123420516 and parameters: {'shrink_threshold': 0.004206141891587429}. Best is trial 4 with value: 0.35891860123420516.
Trial 116 finished with value: 0.35404055245371735 and parameters: {'shrink_threshold': 0.05208723711305072}. Best is trial 4 with value: 0.35891860123420516.
Trial 117 finished with value: 0.35647957684396125 and parameters: {'shrink_threshold': 0.09416260539071651}. Best is trial 4 with value: 0.35891860123420516.
Trial 118 finished with value: 0.35891860123420516 and parameters: {'shrink_threshold': 0.013680237025896245}. Best is trial 4 with value: 0.35891860123420516.
Trial 119 finished with value: 0.35647957684396125 and parameters: {'shrink_threshold': 0.07392403164670057}. Best is trial 4 with value: 0.35891860123420516.
Trial 120 finished with value: 0.35647957684396125 and parameters: {'shrink_threshold': 0.03333265840412494}. Best is trial 4 with value: 0.35891860123420516.
Trial 121 finished with value: 0.35891860123420516 and parameters: {'shrink_threshold': 0.00722742990110771}. Best is trial 4 with value: 0.35891860123420516.
Trial 122 finished with value: 0.35647957684396125 and parameters: {'shrink_threshold': 0.016248225186562257}. Best is trial 4 with value: 0.35891860123420516.
Trial 123 finished with value: 0.35647957684396125 and parameters: {'shrink_threshold': 0.0010378883008715723}. Best is trial 4 with value: 0.35891860123420516.
Trial 124 finished with value: 0.35647957684396125 and parameters: {'shrink_threshold': 0.024293298669636403}. Best is trial 4 with value: 0.35891860123420516.
Trial 125 finished with value: 0.35891860123420516 and parameters: {'shrink_threshold': 0.009796285803894519}. Best is trial 4 with value: 0.35891860123420516.
Trial 126 finished with value: 0.35647957684396125 and parameters: {'shrink_threshold': 0.038116249946830855}. Best is trial 4 with value: 0.35891860123420516.
Trial 127 finished with value: 0.35647957684396125 and parameters: {'shrink_threshold': 0.019928070807455914}. Best is trial 4 with value: 0.35891860123420516.
Trial 128 finished with value: 0.35891860123420516 and parameters: {'shrink_threshold': 0.06634435223994944}. Best is trial 4 with value: 0.35891860123420516.
Trial 129 finished with value: 0.35891860123420516 and parameters: {'shrink_threshold': 0.00564094742473002}. Best is trial 4 with value: 0.35891860123420516.
Trial 130 finished with value: 0.35891860123420516 and parameters: {'shrink_threshold': 0.01174253426859605}. Best is trial 4 with value: 0.35891860123420516.
Trial 131 finished with value: 0.35647957684396125 and parameters: {'shrink_threshold': 0.06427799498257816}. Best is trial 4 with value: 0.35891860123420516.
Trial 132 finished with value: 0.35647957684396125 and parameters: {'shrink_threshold': 0.07688837851660363}. Best is trial 4 with value: 0.35891860123420516.
Trial 133 finished with value: 0.35647957684396125 and parameters: {'shrink_threshold': 0.027292521981476314}. Best is trial 4 with value: 0.35891860123420516.
Trial 134 finished with value: 0.35404055245371735 and parameters: {'shrink_threshold': 0.046658565038043054}. Best is trial 4 with value: 0.35891860123420516.
Trial 135 finished with value: 0.35647957684396125 and parameters: {'shrink_threshold': 0.0003296771702516483}. Best is trial 4 with value: 0.35891860123420516.
Trial 136 finished with value: 0.35647957684396125 and parameters: {'shrink_threshold': 0.017857047133626444}. Best is trial 4 with value: 0.35891860123420516.
Trial 137 finished with value: 0.35891860123420516 and parameters: {'shrink_threshold': 0.008515723981303507}. Best is trial 4 with value: 0.35891860123420516.
Trial 138 finished with value: 0.35647957684396125 and parameters: {'shrink_threshold': 0.06930684325612507}. Best is trial 4 with value: 0.35891860123420516.
Trial 139 finished with value: 0.35647957684396125 and parameters: {'shrink_threshold': 0.05773584964788034}. Best is trial 4 with value: 0.35891860123420516.
Trial 140 finished with value: 0.35647957684396125 and parameters: {'shrink_threshold': 0.033712544254648154}. Best is trial 4 with value: 0.35891860123420516.
Trial 141 finished with value: 0.35891860123420516 and parameters: {'shrink_threshold': 0.013925503452805117}. Best is trial 4 with value: 0.35891860123420516.
Trial 142 finished with value: 0.35647957684396125 and parameters: {'shrink_threshold': 0.02140302125088582}. Best is trial 4 with value: 0.35891860123420516.
Trial 143 finished with value: 0.35891860123420516 and parameters: {'shrink_threshold': 0.006494865412337959}. Best is trial 4 with value: 0.35891860123420516.
Trial 144 finished with value: 0.35891860123420516 and parameters: {'shrink_threshold': 0.013995205792643128}. Best is trial 4 with value: 0.35891860123420516.
Trial 145 finished with value: 0.35647957684396125 and parameters: {'shrink_threshold': 0.024051035693961522}. Best is trial 4 with value: 0.35891860123420516.
Trial 146 finished with value: 0.35647957684396125 and parameters: {'shrink_threshold': 0.0916497848614844}. Best is trial 4 with value: 0.35891860123420516.
Trial 147 finished with value: 0.35647957684396125 and parameters: {'shrink_threshold': 0.07857955434146405}. Best is trial 4 with value: 0.35891860123420516.
Trial 148 finished with value: 0.35647957684396125 and parameters: {'shrink_threshold': 0.029140768029278244}. Best is trial 4 with value: 0.35891860123420516.
Trial 149 finished with value: 0.35647957684396125 and parameters: {'shrink_threshold': 0.0003042614473405727}. Best is trial 4 with value: 0.35891860123420516.
Trial 150 finished with value: 0.35404055245371735 and parameters: {'shrink_threshold': 0.041591954034648895}. Best is trial 4 with value: 0.35891860123420516.
Trial 151 finished with value: 0.35891860123420516 and parameters: {'shrink_threshold': 0.00691366397464705}. Best is trial 4 with value: 0.35891860123420516.
Trial 152 finished with value: 0.35647957684396125 and parameters: {'shrink_threshold': 0.016980720290657045}. Best is trial 4 with value: 0.35891860123420516.
Trial 153 finished with value: 0.35891860123420516 and parameters: {'shrink_threshold': 0.005884414682573683}. Best is trial 4 with value: 0.35891860123420516.
Trial 154 finished with value: 0.35891860123420516 and parameters: {'shrink_threshold': 0.013825198606984807}. Best is trial 4 with value: 0.35891860123420516.
Trial 155 finished with value: 0.35891860123420516 and parameters: {'shrink_threshold': 0.00963997733090166}. Best is trial 4 with value: 0.35891860123420516.
Trial 156 finished with value: 0.35404055245371735 and parameters: {'shrink_threshold': 0.05311511175652378}. Best is trial 4 with value: 0.35891860123420516.
Trial 157 finished with value: 0.35647957684396125 and parameters: {'shrink_threshold': 0.02085296666445588}. Best is trial 4 with value: 0.35891860123420516.
Trial 158 finished with value: 0.35891860123420516 and parameters: {'shrink_threshold': 0.004539644078109195}. Best is trial 4 with value: 0.35891860123420516.
Trial 159 finished with value: 0.35891860123420516 and parameters: {'shrink_threshold': 0.012916383416338885}. Best is trial 4 with value: 0.35891860123420516.
Trial 160 finished with value: 0.35647957684396125 and parameters: {'shrink_threshold': 0.1035353666285852}. Best is trial 4 with value: 0.35891860123420516.
Trial 161 finished with value: 0.35891860123420516 and parameters: {'shrink_threshold': 0.010586731117155057}. Best is trial 4 with value: 0.35891860123420516.
Trial 162 finished with value: 0.35647957684396125 and parameters: {'shrink_threshold': 0.06280325530017916}. Best is trial 4 with value: 0.35891860123420516.
Trial 163 finished with value: 0.35647957684396125 and parameters: {'shrink_threshold': 0.0183593545030724}. Best is trial 4 with value: 0.35891860123420516.
Trial 164 finished with value: 0.3467822509550397 and parameters: {'shrink_threshold': 0.11953480443683637}. Best is trial 4 with value: 0.35891860123420516.
Trial 165 finished with value: 0.35647957684396125 and parameters: {'shrink_threshold': 0.00025902056466015413}. Best is trial 4 with value: 0.35891860123420516.
Trial 166 finished with value: 0.35647957684396125 and parameters: {'shrink_threshold': 0.02737189945646129}. Best is trial 4 with value: 0.35891860123420516.
Trial 167 finished with value: 0.35891860123420516 and parameters: {'shrink_threshold': 0.007398740238001192}. Best is trial 4 with value: 0.35891860123420516.
Trial 168 finished with value: 0.35647957684396125 and parameters: {'shrink_threshold': 0.016408708204736853}. Best is trial 4 with value: 0.35891860123420516.
Trial 169 finished with value: 0.35647957684396125 and parameters: {'shrink_threshold': 0.07146520236829038}. Best is trial 4 with value: 0.35891860123420516.
Trial 170 finished with value: 0.35647957684396125 and parameters: {'shrink_threshold': 0.00014951876220597408}. Best is trial 4 with value: 0.35891860123420516.
Trial 171 finished with value: 0.35891860123420516 and parameters: {'shrink_threshold': 0.009045772091466503}. Best is trial 4 with value: 0.35891860123420516.
Trial 172 finished with value: 0.35891860123420516 and parameters: {'shrink_threshold': 0.011484941913730024}. Best is trial 4 with value: 0.35891860123420516.
Trial 173 finished with value: 0.35647957684396125 and parameters: {'shrink_threshold': 0.02134748460051797}. Best is trial 4 with value: 0.35891860123420516.
Trial 174 finished with value: 0.35891860123420516 and parameters: {'shrink_threshold': 0.00546509685344161}. Best is trial 4 with value: 0.35891860123420516.
Trial 175 finished with value: 0.35647957684396125 and parameters: {'shrink_threshold': 0.025641630135851717}. Best is trial 4 with value: 0.35891860123420516.
Trial 176 finished with value: 0.35891860123420516 and parameters: {'shrink_threshold': 0.014154372248237098}. Best is trial 4 with value: 0.35891860123420516.
Trial 177 finished with value: 0.35647957684396125 and parameters: {'shrink_threshold': 0.05888961084632313}. Best is trial 4 with value: 0.35891860123420516.
Trial 178 finished with value: 0.35647957684396125 and parameters: {'shrink_threshold': 0.03186512010336599}. Best is trial 4 with value: 0.35891860123420516.
Trial 179 finished with value: 0.35891860123420516 and parameters: {'shrink_threshold': 0.008798424825551954}. Best is trial 4 with value: 0.35891860123420516.
Trial 180 finished with value: 0.35647957684396125 and parameters: {'shrink_threshold': 0.01892105252827392}. Best is trial 4 with value: 0.35891860123420516.
Trial 181 finished with value: 0.35891860123420516 and parameters: {'shrink_threshold': 0.005948673044322244}. Best is trial 4 with value: 0.35891860123420516.
Trial 182 finished with value: 0.35891860123420516 and parameters: {'shrink_threshold': 0.011701099283454567}. Best is trial 4 with value: 0.35891860123420516.
Trial 183 finished with value: 0.35647957684396125 and parameters: {'shrink_threshold': 0.08111583026469427}. Best is trial 4 with value: 0.35891860123420516.
Trial 184 finished with value: 0.35891860123420516 and parameters: {'shrink_threshold': 0.004401853771051026}. Best is trial 4 with value: 0.35891860123420516.
Trial 185 finished with value: 0.35647957684396125 and parameters: {'shrink_threshold': 0.01743862207389262}. Best is trial 4 with value: 0.35891860123420516.
Trial 186 finished with value: 0.35647957684396125 and parameters: {'shrink_threshold': 0.00012828903966556442}. Best is trial 4 with value: 0.35891860123420516.
Trial 187 finished with value: 0.35647957684396125 and parameters: {'shrink_threshold': 0.02490644905927967}. Best is trial 4 with value: 0.35891860123420516.
Trial 188 finished with value: 0.35891860123420516 and parameters: {'shrink_threshold': 0.013410425279519305}. Best is trial 4 with value: 0.35891860123420516.
Trial 189 finished with value: 0.35647957684396125 and parameters: {'shrink_threshold': 0.036197543768753275}. Best is trial 4 with value: 0.35891860123420516.
Trial 190 finished with value: 0.35891860123420516 and parameters: {'shrink_threshold': 0.008350238647075046}. Best is trial 4 with value: 0.35891860123420516.
Trial 191 finished with value: 0.35891860123420516 and parameters: {'shrink_threshold': 0.06911893435701062}. Best is trial 4 with value: 0.35891860123420516.
Trial 192 finished with value: 0.35891860123420516 and parameters: {'shrink_threshold': 0.009555989356262135}. Best is trial 4 with value: 0.35891860123420516.
Trial 193 finished with value: 0.35647957684396125 and parameters: {'shrink_threshold': 0.016380990803758995}. Best is trial 4 with value: 0.35891860123420516.
Trial 194 finished with value: 0.35404055245371735 and parameters: {'shrink_threshold': 0.049506189766744674}. Best is trial 4 with value: 0.35891860123420516.
Trial 195 finished with value: 0.35647957684396125 and parameters: {'shrink_threshold': 0.020574210290731747}. Best is trial 4 with value: 0.35891860123420516.
Trial 196 finished with value: 0.34434322656479577 and parameters: {'shrink_threshold': 0.16249809748480898}. Best is trial 4 with value: 0.35891860123420516.
Trial 197 finished with value: 0.35891860123420516 and parameters: {'shrink_threshold': 0.00497214972997441}. Best is trial 4 with value: 0.35891860123420516.
Trial 198 finished with value: 0.35891860123420516 and parameters: {'shrink_threshold': 0.011979331635604393}. Best is trial 4 with value: 0.35891860123420516.
Trial 199 finished with value: 0.35647957684396125 and parameters: {'shrink_threshold': 0.023603360795379703}. Best is trial 4 with value: 0.35891860123420516.
Trial 200 finished with value: 0.35647957684396125 and parameters: {'shrink_threshold': 0.08310188511816163}. Best is trial 4 with value: 0.35891860123420516.
Trial 201 finished with value: 0.35891860123420516 and parameters: {'shrink_threshold': 0.005511184138870039}. Best is trial 4 with value: 0.35891860123420516.
Trial 202 finished with value: 0.35647957684396125 and parameters: {'shrink_threshold': 0.0005028915867507627}. Best is trial 4 with value: 0.35891860123420516.
Trial 203 finished with value: 0.35891860123420516 and parameters: {'shrink_threshold': 0.011281382092000698}. Best is trial 4 with value: 0.35891860123420516.
Trial 204 finished with value: 0.35891860123420516 and parameters: {'shrink_threshold': 0.014197274067764063}. Best is trial 4 with value: 0.35891860123420516.
Trial 205 finished with value: 0.35647957684396125 and parameters: {'shrink_threshold': 0.06474720939936393}. Best is trial 4 with value: 0.35891860123420516.
Trial 206 finished with value: 0.35891860123420516 and parameters: {'shrink_threshold': 0.005791026581796612}. Best is trial 4 with value: 0.35891860123420516.
Trial 207 finished with value: 0.35647957684396125 and parameters: {'shrink_threshold': 0.017059508777462727}. Best is trial 4 with value: 0.35891860123420516.
Trial 208 finished with value: 0.35647957684396125 and parameters: {'shrink_threshold': 0.056299943856716536}. Best is trial 4 with value: 0.35891860123420516.
Trial 209 finished with value: 0.35647957684396125 and parameters: {'shrink_threshold': 0.07419264828622918}. Best is trial 4 with value: 0.35891860123420516.
Trial 210 finished with value: 0.35647957684396125 and parameters: {'shrink_threshold': 0.0004306611646815676}. Best is trial 4 with value: 0.35891860123420516.
Trial 211 finished with value: 0.35891860123420516 and parameters: {'shrink_threshold': 0.008617885616898427}. Best is trial 4 with value: 0.35891860123420516.
Trial 212 finished with value: 0.35891860123420516 and parameters: {'shrink_threshold': 0.009695127939182062}. Best is trial 4 with value: 0.35891860123420516.
Trial 213 finished with value: 0.35647957684396125 and parameters: {'shrink_threshold': 0.020118201629635943}. Best is trial 4 with value: 0.35891860123420516.
Trial 214 finished with value: 0.35891860123420516 and parameters: {'shrink_threshold': 0.005439313676125396}. Best is trial 4 with value: 0.35891860123420516.
Trial 215 finished with value: 0.35647957684396125 and parameters: {'shrink_threshold': 0.08748961487910324}. Best is trial 4 with value: 0.35891860123420516.
Trial 216 finished with value: 0.35891860123420516 and parameters: {'shrink_threshold': 0.014164885697974167}. Best is trial 4 with value: 0.35891860123420516.
Trial 217 finished with value: 0.35647957684396125 and parameters: {'shrink_threshold': 0.02775521977720655}. Best is trial 4 with value: 0.35891860123420516.
Trial 218 finished with value: 0.35891860123420516 and parameters: {'shrink_threshold': 0.0094122001191981}. Best is trial 4 with value: 0.35891860123420516.
Trial 219 finished with value: 0.35647957684396125 and parameters: {'shrink_threshold': 0.01775978713778307}. Best is trial 4 with value: 0.35891860123420516.
Trial 220 finished with value: 0.35891860123420516 and parameters: {'shrink_threshold': 0.004688711021618084}. Best is trial 4 with value: 0.35891860123420516.
Trial 221 finished with value: 0.35891860123420516 and parameters: {'shrink_threshold': 0.014631296732550536}. Best is trial 4 with value: 0.35891860123420516.
Trial 222 finished with value: 0.35647957684396125 and parameters: {'shrink_threshold': 0.0002688744741145589}. Best is trial 4 with value: 0.35891860123420516.
Trial 223 finished with value: 0.35647957684396125 and parameters: {'shrink_threshold': 0.09751242842966687}. Best is trial 4 with value: 0.35891860123420516.
Trial 224 finished with value: 0.3467822509550397 and parameters: {'shrink_threshold': 0.11202622084838484}. Best is trial 4 with value: 0.35891860123420516.
Trial 225 finished with value: 0.35891860123420516 and parameters: {'shrink_threshold': 0.011914472394823919}. Best is trial 4 with value: 0.35891860123420516.
Trial 226 finished with value: 0.35647957684396125 and parameters: {'shrink_threshold': 0.020419536845662382}. Best is trial 4 with value: 0.35891860123420516.
Trial 227 finished with value: 0.35891860123420516 and parameters: {'shrink_threshold': 0.006982325284504575}. Best is trial 4 with value: 0.35891860123420516.
Trial 228 finished with value: 0.35647957684396125 and parameters: {'shrink_threshold': 0.029816614502447242}. Best is trial 4 with value: 0.35891860123420516.
Trial 229 finished with value: 0.34434322656479577 and parameters: {'shrink_threshold': 0.12636461508723645}. Best is trial 4 with value: 0.35891860123420516.
Trial 230 finished with value: 0.35404055245371735 and parameters: {'shrink_threshold': 0.041957752646364546}. Best is trial 4 with value: 0.35891860123420516.
Trial 231 finished with value: 0.35891860123420516 and parameters: {'shrink_threshold': 0.009950392852778489}. Best is trial 4 with value: 0.35891860123420516.
Trial 232 finished with value: 0.35647957684396125 and parameters: {'shrink_threshold': 0.07797281187196581}. Best is trial 4 with value: 0.35891860123420516.
Trial 233 finished with value: 0.35891860123420516 and parameters: {'shrink_threshold': 0.005126242160088045}. Best is trial 4 with value: 0.35891860123420516.
Trial 234 finished with value: 0.35891860123420516 and parameters: {'shrink_threshold': 0.013125799505482344}. Best is trial 4 with value: 0.35891860123420516.
Trial 235 finished with value: 0.35647957684396125 and parameters: {'shrink_threshold': 2.0198188387542462e-05}. Best is trial 4 with value: 0.35891860123420516.
Trial 236 finished with value: 0.35647957684396125 and parameters: {'shrink_threshold': 0.06139340931169166}. Best is trial 4 with value: 0.35891860123420516.
Trial 237 finished with value: 0.35404055245371735 and parameters: {'shrink_threshold': 0.048417531120787304}. Best is trial 4 with value: 0.35891860123420516.
Trial 238 finished with value: 0.35647957684396125 and parameters: {'shrink_threshold': 0.021407869848574103}. Best is trial 4 with value: 0.35891860123420516.
Trial 239 finished with value: 0.35891860123420516 and parameters: {'shrink_threshold': 0.00833635230200793}. Best is trial 4 with value: 0.35891860123420516.
Trial 240 finished with value: 0.35891860123420516 and parameters: {'shrink_threshold': 0.01602153853229104}. Best is trial 4 with value: 0.35891860123420516.
Trial 241 finished with value: 0.35891860123420516 and parameters: {'shrink_threshold': 0.01292263274830359}. Best is trial 4 with value: 0.35891860123420516.
Trial 242 finished with value: 0.35891860123420516 and parameters: {'shrink_threshold': 0.006555338919090955}. Best is trial 4 with value: 0.35891860123420516.
Trial 243 finished with value: 0.35647957684396125 and parameters: {'shrink_threshold': 0.01700167648118571}. Best is trial 4 with value: 0.35891860123420516.
Trial 244 finished with value: 0.35647957684396125 and parameters: {'shrink_threshold': 0.024121731956448324}. Best is trial 4 with value: 0.35891860123420516.
Trial 245 finished with value: 0.35891860123420516 and parameters: {'shrink_threshold': 0.010381921439023159}. Best is trial 4 with value: 0.35891860123420516.
Trial 246 finished with value: 0.35891860123420516 and parameters: {'shrink_threshold': 0.06698781616032456}. Best is trial 4 with value: 0.35891860123420516.
Trial 247 finished with value: 0.35647957684396125 and parameters: {'shrink_threshold': 0.09047185907023439}. Best is trial 4 with value: 0.35891860123420516.
Trial 248 finished with value: 0.35891860123420516 and parameters: {'shrink_threshold': 0.004706389715890373}. Best is trial 4 with value: 0.35891860123420516.
Trial 249 finished with value: 0.35891860123420516 and parameters: {'shrink_threshold': 0.014797986170168698}. Best is trial 4 with value: 0.35891860123420516.
Trial 250 finished with value: 0.35891860123420516 and parameters: {'shrink_threshold': 0.008174059425167877}. Best is trial 4 with value: 0.35891860123420516.
Trial 251 finished with value: 0.35647957684396125 and parameters: {'shrink_threshold': 7.68293043639295e-05}. Best is trial 4 with value: 0.35891860123420516.
Trial 252 finished with value: 0.35647957684396125 and parameters: {'shrink_threshold': 0.021232553001067737}. Best is trial 4 with value: 0.35891860123420516.
Trial 253 finished with value: 0.35647957684396125 and parameters: {'shrink_threshold': 0.03791224631338966}. Best is trial 4 with value: 0.35891860123420516.
Trial 254 finished with value: 0.35647957684396125 and parameters: {'shrink_threshold': 0.10243144496175538}. Best is trial 4 with value: 0.35891860123420516.
Trial 255 finished with value: 0.35891860123420516 and parameters: {'shrink_threshold': 0.014276658496723157}. Best is trial 4 with value: 0.35891860123420516.
Trial 256 finished with value: 0.35891860123420516 and parameters: {'shrink_threshold': 0.005928118736326335}. Best is trial 4 with value: 0.35891860123420516.
Trial 257 finished with value: 0.35647957684396125 and parameters: {'shrink_threshold': 0.0705874165377785}. Best is trial 4 with value: 0.35891860123420516.
Trial 258 finished with value: 0.35647957684396125 and parameters: {'shrink_threshold': 0.02887049577952756}. Best is trial 4 with value: 0.35891860123420516.
Trial 259 finished with value: 0.35404055245371735 and parameters: {'shrink_threshold': 0.05300389242363081}. Best is trial 4 with value: 0.35891860123420516.
Trial 260 finished with value: 0.35891860123420516 and parameters: {'shrink_threshold': 0.011820043301526816}. Best is trial 4 with value: 0.35891860123420516.
Trial 261 finished with value: 0.35647957684396125 and parameters: {'shrink_threshold': 0.0969088043879105}. Best is trial 4 with value: 0.35891860123420516.
Trial 262 finished with value: 0.35647957684396125 and parameters: {'shrink_threshold': 0.01810132917874139}. Best is trial 4 with value: 0.35891860123420516.
Trial 263 finished with value: 0.35891860123420516 and parameters: {'shrink_threshold': 0.004598529582266067}. Best is trial 4 with value: 0.35891860123420516.
Trial 264 finished with value: 0.35647957684396125 and parameters: {'shrink_threshold': 0.07879029366534268}. Best is trial 4 with value: 0.35891860123420516.
Trial 265 finished with value: 0.35647957684396125 and parameters: {'shrink_threshold': 0.024012137080464457}. Best is trial 4 with value: 0.35891860123420516.
Trial 266 finished with value: 0.35891860123420516 and parameters: {'shrink_threshold': 0.011150438879328319}. Best is trial 4 with value: 0.35891860123420516.
Trial 267 finished with value: 0.35647957684396125 and parameters: {'shrink_threshold': 0.08340422103022022}. Best is trial 4 with value: 0.35891860123420516.
Trial 268 finished with value: 0.34434322656479577 and parameters: {'shrink_threshold': 0.1333480991956168}. Best is trial 4 with value: 0.35891860123420516.
Trial 269 finished with value: 0.35647957684396125 and parameters: {'shrink_threshold': 0.0609340167718504}. Best is trial 4 with value: 0.35891860123420516.
Trial 270 finished with value: 0.34675286511901265 and parameters: {'shrink_threshold': 0.21143643390073005}. Best is trial 4 with value: 0.35891860123420516.
Trial 271 finished with value: 0.35891860123420516 and parameters: {'shrink_threshold': 0.005161392949578759}. Best is trial 4 with value: 0.35891860123420516.
Trial 272 finished with value: 0.3516602997355275 and parameters: {'shrink_threshold': 0.10756199810769992}. Best is trial 4 with value: 0.35891860123420516.
Trial 273 finished with value: 0.35404055245371735 and parameters: {'shrink_threshold': 0.044462020880722916}. Best is trial 4 with value: 0.35891860123420516.
Trial 274 finished with value: 0.34434322656479577 and parameters: {'shrink_threshold': 0.14347837169588698}. Best is trial 4 with value: 0.35891860123420516.
Trial 275 finished with value: 0.35647957684396125 and parameters: {'shrink_threshold': 0.03236239251488948}. Best is trial 4 with value: 0.35891860123420516.
Trial 276 finished with value: 0.35647957684396125 and parameters: {'shrink_threshold': 0.08736631391196731}. Best is trial 4 with value: 0.35891860123420516.
Trial 277 finished with value: 0.35647957684396125 and parameters: {'shrink_threshold': 0.017933349453196853}. Best is trial 4 with value: 0.35891860123420516.
Trial 278 finished with value: 0.35891860123420516 and parameters: {'shrink_threshold': 0.009800871317659124}. Best is trial 4 with value: 0.35891860123420516.
Trial 279 finished with value: 0.35647957684396125 and parameters: {'shrink_threshold': 0.0012836768865381477}. Best is trial 4 with value: 0.35891860123420516.
Trial 280 finished with value: 0.35647957684396125 and parameters: {'shrink_threshold': 1.0211578327220736e-05}. Best is trial 4 with value: 0.35891860123420516.
Trial 281 finished with value: 0.35891860123420516 and parameters: {'shrink_threshold': 0.01464761868975653}. Best is trial 4 with value: 0.35891860123420516.
Trial 282 finished with value: 0.3467822509550397 and parameters: {'shrink_threshold': 0.11728649986582518}. Best is trial 4 with value: 0.35891860123420516.
Trial 283 finished with value: 0.35891860123420516 and parameters: {'shrink_threshold': 0.00965481236734158}. Best is trial 4 with value: 0.35891860123420516.
Trial 284 finished with value: 0.35647957684396125 and parameters: {'shrink_threshold': 0.02307079186385126}. Best is trial 4 with value: 0.35891860123420516.
Trial 285 finished with value: 0.35647957684396125 and parameters: {'shrink_threshold': 0.017741687246782857}. Best is trial 4 with value: 0.35891860123420516.
Trial 286 finished with value: 0.35647957684396125 and parameters: {'shrink_threshold': 0.07592016039715033}. Best is trial 4 with value: 0.35891860123420516.
Trial 287 finished with value: 0.35891860123420516 and parameters: {'shrink_threshold': 0.007890937527896196}. Best is trial 4 with value: 0.35891860123420516.
Trial 288 finished with value: 0.35647957684396125 and parameters: {'shrink_threshold': 0.026998059198435637}. Best is trial 4 with value: 0.35891860123420516.
Trial 289 finished with value: 0.35891860123420516 and parameters: {'shrink_threshold': 0.06655335404137647}. Best is trial 4 with value: 0.35891860123420516.
Trial 290 finished with value: 0.34434322656479577 and parameters: {'shrink_threshold': 0.15825420591153902}. Best is trial 4 with value: 0.35891860123420516.
Trial 291 finished with value: 0.35891860123420516 and parameters: {'shrink_threshold': 0.004921568986459308}. Best is trial 4 with value: 0.35891860123420516.
Trial 292 finished with value: 0.35404055245371735 and parameters: {'shrink_threshold': 0.052020486286975504}. Best is trial 4 with value: 0.35891860123420516.
Trial 293 finished with value: 0.35891860123420516 and parameters: {'shrink_threshold': 0.014137769577661764}. Best is trial 4 with value: 0.35891860123420516.
Trial 294 finished with value: 0.35647957684396125 and parameters: {'shrink_threshold': 0.03374931500990491}. Best is trial 4 with value: 0.35891860123420516.
Trial 295 finished with value: 0.35647957684396125 and parameters: {'shrink_threshold': 0.02078105326464747}. Best is trial 4 with value: 0.35891860123420516.
Trial 296 finished with value: 0.35891860123420516 and parameters: {'shrink_threshold': 0.010465081382773814}. Best is trial 4 with value: 0.35891860123420516.
Trial 297 finished with value: 0.35647957684396125 and parameters: {'shrink_threshold': 0.09659111707960717}. Best is trial 4 with value: 0.35891860123420516.
Trial 298 finished with value: 0.35647957684396125 and parameters: {'shrink_threshold': 0.057317759094091925}. Best is trial 4 with value: 0.35891860123420516.
Trial 299 finished with value: 0.35891860123420516 and parameters: {'shrink_threshold': 0.004123399908644805}. Best is trial 4 with value: 0.35891860123420516.
Trial 300 finished with value: 0.35647957684396125 and parameters: {'shrink_threshold': 0.039577382943122186}. Best is trial 4 with value: 0.35891860123420516.
Trial 301 finished with value: 0.35891860123420516 and parameters: {'shrink_threshold': 0.01375447602909731}. Best is trial 4 with value: 0.35891860123420516.
Trial 302 finished with value: 0.35647957684396125 and parameters: {'shrink_threshold': 0.023322849364484484}. Best is trial 4 with value: 0.35891860123420516.
Trial 303 finished with value: 0.35891860123420516 and parameters: {'shrink_threshold': 0.005565261756921203}. Best is trial 4 with value: 0.35891860123420516.
Trial 304 finished with value: 0.35647957684396125 and parameters: {'shrink_threshold': 0.016342701985169125}. Best is trial 4 with value: 0.35891860123420516.
Trial 305 finished with value: 0.35891860123420516 and parameters: {'shrink_threshold': 0.010037632261059777}. Best is trial 4 with value: 0.35891860123420516.
Trial 306 finished with value: 0.35647957684396125 and parameters: {'shrink_threshold': 4.639574664206444e-05}. Best is trial 4 with value: 0.35891860123420516.
Trial 307 finished with value: 0.33226564795768443 and parameters: {'shrink_threshold': 0.28216209759765126}. Best is trial 4 with value: 0.35891860123420516.
Trial 308 finished with value: 0.35647957684396125 and parameters: {'shrink_threshold': 0.0192912678093441}. Best is trial 4 with value: 0.35891860123420516.
Trial 309 finished with value: 0.35647957684396125 and parameters: {'shrink_threshold': 0.027851390477018633}. Best is trial 4 with value: 0.35891860123420516.
Trial 310 finished with value: 0.35891860123420516 and parameters: {'shrink_threshold': 0.010708753170252796}. Best is trial 4 with value: 0.35891860123420516.
Trial 311 finished with value: 0.35404055245371735 and parameters: {'shrink_threshold': 0.045710690653076945}. Best is trial 4 with value: 0.35891860123420516.
Trial 312 finished with value: 0.35647957684396125 and parameters: {'shrink_threshold': 0.1027693773508099}. Best is trial 4 with value: 0.35891860123420516.
Trial 313 finished with value: 0.35891860123420516 and parameters: {'shrink_threshold': 0.005219608607701461}. Best is trial 4 with value: 0.35891860123420516.
Trial 314 finished with value: 0.35647957684396125 and parameters: {'shrink_threshold': 0.01665339241022425}. Best is trial 4 with value: 0.35891860123420516.
Trial 315 finished with value: 0.35647957684396125 and parameters: {'shrink_threshold': 0.07048420958687754}. Best is trial 4 with value: 0.35891860123420516.
Trial 316 finished with value: 0.3516602997355275 and parameters: {'shrink_threshold': 0.1099856533069394}. Best is trial 4 with value: 0.35891860123420516.
Trial 317 finished with value: 0.35647957684396125 and parameters: {'shrink_threshold': 0.08102218575707552}. Best is trial 4 with value: 0.35891860123420516.
Trial 318 finished with value: 0.35647957684396125 and parameters: {'shrink_threshold': 2.1140536873640384e-05}. Best is trial 4 with value: 0.35891860123420516.
Trial 319 finished with value: 0.35647957684396125 and parameters: {'shrink_threshold': 0.09343366510371102}. Best is trial 4 with value: 0.35891860123420516.
Trial 320 finished with value: 0.35891860123420516 and parameters: {'shrink_threshold': 0.011147782225219319}. Best is trial 4 with value: 0.35891860123420516.
Trial 321 finished with value: 0.35647957684396125 and parameters: {'shrink_threshold': 0.06240171306871777}. Best is trial 4 with value: 0.35891860123420516.
Trial 322 finished with value: 0.35647957684396125 and parameters: {'shrink_threshold': 0.023441104865827095}. Best is trial 4 with value: 0.35891860123420516.
Trial 323 finished with value: 0.34434322656479577 and parameters: {'shrink_threshold': 0.12368624907171473}. Best is trial 4 with value: 0.35891860123420516.
Trial 324 finished with value: 0.35891860123420516 and parameters: {'shrink_threshold': 0.00627027853870661}. Best is trial 4 with value: 0.35891860123420516.
Trial 325 finished with value: 0.35891860123420516 and parameters: {'shrink_threshold': 0.01508911540557831}. Best is trial 4 with value: 0.35891860123420516.
Trial 326 finished with value: 0.35647957684396125 and parameters: {'shrink_threshold': 0.03497088578340316}. Best is trial 4 with value: 0.35891860123420516.
Trial 327 finished with value: 0.35647957684396125 and parameters: {'shrink_threshold': 0.08652369033516222}. Best is trial 4 with value: 0.35891860123420516.
Trial 328 finished with value: 0.34434322656479577 and parameters: {'shrink_threshold': 0.17921853410851024}. Best is trial 4 with value: 0.35891860123420516.
Trial 329 finished with value: 0.35647957684396125 and parameters: {'shrink_threshold': 0.05447389392243643}. Best is trial 4 with value: 0.35891860123420516.
Trial 330 finished with value: 0.35891860123420516 and parameters: {'shrink_threshold': 0.008260298470076942}. Best is trial 4 with value: 0.35891860123420516.
Trial 331 finished with value: 0.35647957684396125 and parameters: {'shrink_threshold': 0.01889890609597187}. Best is trial 4 with value: 0.35891860123420516.
Trial 332 finished with value: 0.35891860123420516 and parameters: {'shrink_threshold': 0.012159994675843961}. Best is trial 4 with value: 0.35891860123420516.
Trial 333 finished with value: 0.3467822509550397 and parameters: {'shrink_threshold': 0.11596657644781902}. Best is trial 4 with value: 0.35891860123420516.
Trial 334 finished with value: 0.35647957684396125 and parameters: {'shrink_threshold': 0.02951573138412093}. Best is trial 4 with value: 0.35891860123420516.
Trial 335 finished with value: 0.35891860123420516 and parameters: {'shrink_threshold': 0.0046014853176348635}. Best is trial 4 with value: 0.35891860123420516.
Trial 336 finished with value: 0.35404055245371735 and parameters: {'shrink_threshold': 0.04845661063436592}. Best is trial 4 with value: 0.35891860123420516.
Trial 337 finished with value: 0.35647957684396125 and parameters: {'shrink_threshold': 0.022475596065561553}. Best is trial 4 with value: 0.35891860123420516.
Trial 338 finished with value: 0.35647957684396125 and parameters: {'shrink_threshold': 0.00010172093164253874}. Best is trial 4 with value: 0.35891860123420516.
Trial 339 finished with value: 0.34434322656479577 and parameters: {'shrink_threshold': 0.1363992690283583}. Best is trial 4 with value: 0.35891860123420516.
Trial 340 finished with value: 0.35891860123420516 and parameters: {'shrink_threshold': 0.013616474484793056}. Best is trial 4 with value: 0.35891860123420516.
Trial 341 finished with value: 0.35647957684396125 and parameters: {'shrink_threshold': 0.07191435779266257}. Best is trial 4 with value: 0.35891860123420516.
Trial 342 finished with value: 0.35891860123420516 and parameters: {'shrink_threshold': 0.008229305820008461}. Best is trial 4 with value: 0.35891860123420516.
Trial 343 finished with value: 0.35647957684396125 and parameters: {'shrink_threshold': 0.03984126684122512}. Best is trial 4 with value: 0.35891860123420516.
Trial 344 finished with value: 0.34434322656479577 and parameters: {'shrink_threshold': 0.13020601150859687}. Best is trial 4 with value: 0.35891860123420516.
Trial 345 finished with value: 0.35647957684396125 and parameters: {'shrink_threshold': 0.019986787838451037}. Best is trial 4 with value: 0.35891860123420516.
Trial 346 finished with value: 0.35891860123420516 and parameters: {'shrink_threshold': 0.005643461719777055}. Best is trial 4 with value: 0.35891860123420516.
Trial 347 finished with value: 0.35891860123420516 and parameters: {'shrink_threshold': 0.014150388442187606}. Best is trial 4 with value: 0.35891860123420516.
Trial 348 finished with value: 0.35647957684396125 and parameters: {'shrink_threshold': 0.026147695078225508}. Best is trial 4 with value: 0.35891860123420516.
Trial 349 finished with value: 0.35891860123420516 and parameters: {'shrink_threshold': 0.06620264542098032}. Best is trial 4 with value: 0.35891860123420516.
Trial 350 finished with value: 0.35406993828974437 and parameters: {'shrink_threshold': 0.10492086001307271}. Best is trial 4 with value: 0.35891860123420516.
Trial 351 finished with value: 0.35891860123420516 and parameters: {'shrink_threshold': 0.00984874944698259}. Best is trial 4 with value: 0.35891860123420516.
Trial 352 finished with value: 0.35647957684396125 and parameters: {'shrink_threshold': 0.0003667738045801481}. Best is trial 4 with value: 0.35891860123420516.
Trial 353 finished with value: 0.35647957684396125 and parameters: {'shrink_threshold': 0.07402869436436968}. Best is trial 4 with value: 0.35891860123420516.
Trial 354 finished with value: 0.35647957684396125 and parameters: {'shrink_threshold': 0.016481403076412156}. Best is trial 4 with value: 0.35891860123420516.
Trial 355 finished with value: 0.35647957684396125 and parameters: {'shrink_threshold': 0.09926100044200634}. Best is trial 4 with value: 0.35891860123420516.
Trial 356 finished with value: 0.3467822509550397 and parameters: {'shrink_threshold': 0.1141487836512235}. Best is trial 4 with value: 0.35891860123420516.
Trial 357 finished with value: 0.35647957684396125 and parameters: {'shrink_threshold': 0.031155681551792477}. Best is trial 4 with value: 0.35891860123420516.
Trial 358 finished with value: 0.35891860123420516 and parameters: {'shrink_threshold': 0.005570054599102826}. Best is trial 4 with value: 0.35891860123420516.
Trial 359 finished with value: 0.34434322656479577 and parameters: {'shrink_threshold': 0.12458691284043674}. Best is trial 4 with value: 0.35891860123420516.
Trial 360 finished with value: 0.35647957684396125 and parameters: {'shrink_threshold': 0.09073883199439814}. Best is trial 4 with value: 0.35891860123420516.
Trial 361 finished with value: 0.35647957684396125 and parameters: {'shrink_threshold': 0.019330441353136326}. Best is trial 4 with value: 0.35891860123420516.
Trial 362 finished with value: 0.35891860123420516 and parameters: {'shrink_threshold': 0.010910145844538244}. Best is trial 4 with value: 0.35891860123420516.
Trial 363 finished with value: 0.35647957684396125 and parameters: {'shrink_threshold': 0.06260875658569914}. Best is trial 4 with value: 0.35891860123420516.
Trial 364 finished with value: 0.35647957684396125 and parameters: {'shrink_threshold': 0.08270497695358434}. Best is trial 4 with value: 0.35891860123420516.
Trial 365 finished with value: 0.35647957684396125 and parameters: {'shrink_threshold': 0.05810724191872531}. Best is trial 4 with value: 0.35891860123420516.
Trial 366 finished with value: 0.35647957684396125 and parameters: {'shrink_threshold': 4.686822608135875e-05}. Best is trial 4 with value: 0.35891860123420516.
Trial 367 finished with value: 0.35647957684396125 and parameters: {'shrink_threshold': 0.02390572978908019}. Best is trial 4 with value: 0.35891860123420516.
Trial 368 finished with value: 0.35891860123420516 and parameters: {'shrink_threshold': 0.014406676777254305}. Best is trial 4 with value: 0.35891860123420516.
Trial 369 finished with value: 0.35891860123420516 and parameters: {'shrink_threshold': 0.0073541302238010866}. Best is trial 4 with value: 0.35891860123420516.
Trial 370 finished with value: 0.34434322656479577 and parameters: {'shrink_threshold': 0.15101868997432094}. Best is trial 4 with value: 0.35891860123420516.
Trial 371 finished with value: 0.34434322656479577 and parameters: {'shrink_threshold': 0.14137690843692396}. Best is trial 4 with value: 0.35891860123420516.
Trial 372 finished with value: 0.35647957684396125 and parameters: {'shrink_threshold': 0.017803148458376116}. Best is trial 4 with value: 0.35891860123420516.
Trial 373 finished with value: 0.35404055245371735 and parameters: {'shrink_threshold': 0.04186252023309606}. Best is trial 4 with value: 0.35891860123420516.
Trial 374 finished with value: 0.35891860123420516 and parameters: {'shrink_threshold': 0.010280561726830752}. Best is trial 4 with value: 0.35891860123420516.
Trial 375 finished with value: 0.35891860123420516 and parameters: {'shrink_threshold': 0.004565684600632395}. Best is trial 4 with value: 0.35891860123420516.
Trial 376 finished with value: 0.3492212753452836 and parameters: {'shrink_threshold': 0.11106837360228605}. Best is trial 4 with value: 0.35891860123420516.
Trial 377 finished with value: 0.35404055245371735 and parameters: {'shrink_threshold': 0.050489618533501625}. Best is trial 4 with value: 0.35891860123420516.
Trial 378 finished with value: 0.35647957684396125 and parameters: {'shrink_threshold': 0.027108332521121034}. Best is trial 4 with value: 0.35891860123420516.
Trial 379 finished with value: 0.35891860123420516 and parameters: {'shrink_threshold': 0.012814489878810828}. Best is trial 4 with value: 0.35891860123420516.
Trial 380 finished with value: 0.35647957684396125 and parameters: {'shrink_threshold': 0.02044352126882534}. Best is trial 4 with value: 0.35891860123420516.
Trial 381 finished with value: 0.34190420217455186 and parameters: {'shrink_threshold': 0.22090373144798892}. Best is trial 4 with value: 0.35891860123420516.
Trial 382 finished with value: 0.3467822509550397 and parameters: {'shrink_threshold': 0.12076721646408024}. Best is trial 4 with value: 0.35891860123420516.
Trial 383 finished with value: 0.35891860123420516 and parameters: {'shrink_threshold': 0.0061623857039378475}. Best is trial 4 with value: 0.35891860123420516.
Trial 384 finished with value: 0.35647957684396125 and parameters: {'shrink_threshold': 0.07598534847979466}. Best is trial 4 with value: 0.35891860123420516.
Trial 385 finished with value: 0.35891860123420516 and parameters: {'shrink_threshold': 0.01496271223329282}. Best is trial 4 with value: 0.35891860123420516.
Trial 386 finished with value: 0.35891860123420516 and parameters: {'shrink_threshold': 0.005217214488080738}. Best is trial 4 with value: 0.35891860123420516.
Trial 387 finished with value: 0.35891860123420516 and parameters: {'shrink_threshold': 0.010940154433808186}. Best is trial 4 with value: 0.35891860123420516.
Trial 388 finished with value: 0.35647957684396125 and parameters: {'shrink_threshold': 0.033479741750769926}. Best is trial 4 with value: 0.35891860123420516.
Trial 389 finished with value: 0.35647957684396125 and parameters: {'shrink_threshold': 0.00019714120480738596}. Best is trial 4 with value: 0.35891860123420516.
Trial 390 finished with value: 0.35647957684396125 and parameters: {'shrink_threshold': 0.021963088798850165}. Best is trial 4 with value: 0.35891860123420516.
Trial 391 finished with value: 0.35647957684396125 and parameters: {'shrink_threshold': 0.03691883846974571}. Best is trial 4 with value: 0.35891860123420516.
Trial 392 finished with value: 0.35647957684396125 and parameters: {'shrink_threshold': 0.01622539131748191}. Best is trial 4 with value: 0.35891860123420516.
Trial 393 finished with value: 0.35891860123420516 and parameters: {'shrink_threshold': 0.010238040384812916}. Best is trial 4 with value: 0.35891860123420516.
Trial 394 finished with value: 0.35891860123420516 and parameters: {'shrink_threshold': 0.006088439806222281}. Best is trial 4 with value: 0.35891860123420516.
Trial 395 finished with value: 0.35891860123420516 and parameters: {'shrink_threshold': 0.06741864354246417}. Best is trial 4 with value: 0.35891860123420516.
Trial 396 finished with value: 0.35647957684396125 and parameters: {'shrink_threshold': 0.0999267457086368}. Best is trial 4 with value: 0.35891860123420516.
Trial 397 finished with value: 0.35647957684396125 and parameters: {'shrink_threshold': 0.05531331598912933}. Best is trial 4 with value: 0.35891860123420516.
Trial 398 finished with value: 0.35647957684396125 and parameters: {'shrink_threshold': 0.02726449034499749}. Best is trial 4 with value: 0.35891860123420516.
Trial 399 finished with value: 0.35404055245371735 and parameters: {'shrink_threshold': 0.046963361295098656}. Best is trial 4 with value: 0.35891860123420516.
